<?xml version="1.0" encoding="utf-8"?>
<TestRun id="c7ff916e-7651-4f8a-9cf1-02ff2b024029" name="a944918@LAPTOP-G97K9LKJ 2025-12-16 12:11:10" runUser="WW930\a944918" xmlns="http://microsoft.com/schemas/VisualStudio/TeamTest/2010">
  <Times creation="2025-12-16T12:11:10.8923841+01:00" queuing="2025-12-16T12:11:10.8923844+01:00" start="2025-12-16T12:11:10.0113028+01:00" finish="2025-12-16T12:11:11.3920485+01:00" />
  <TestSettings name="default" id="eacef83f-ac41-4068-a334-9cbadc97449e">
    <Deployment runDeploymentRoot="a944918_LAPTOP-G97K9LKJ_2025-12-16_12_11_10" />
  </TestSettings>
  <Results>
    <UnitTestResult executionId="eb347ed7-8b45-474c-abe0-875be1721d19" testId="e3527960-8891-eda2-0c2f-2aaae9cd4bc5" testName="PostGresAPI.UnitTests.Services.BookingServiceTests.IsActive_BookingAlreadyEnded_ReturnsFalse" computerName="LAPTOP-G97K9LKJ" duration="00:00:00.0002298" startTime="2025-12-16T12:11:10.8836105+01:00" endTime="2025-12-16T12:11:10.8841110+01:00" testType="13cdc9d9-ddb5-4fa4-a97d-d965ccfc6d4b" outcome="Passed" testListId="8c84fa94-04c1-424b-9868-57a2d4851a1d" relativeResultsDirectory="eb347ed7-8b45-474c-abe0-875be1721d19" />
    <UnitTestResult executionId="6fa3cf84-2270-4d21-80b5-0dfc99ee8bc2" testId="0b2e4b22-d778-91a4-a4a8-153a55dbdacb" testName="PostGresAPI.UnitTests.Services.BookingServiceTests.GetBookingIdsByCredentials_NameMismatch_ReturnsEmpty" computerName="LAPTOP-G97K9LKJ" duration="00:00:00.0008458" startTime="2025-12-16T12:11:10.8831555+01:00" endTime="2025-12-16T12:11:10.8833579+01:00" testType="13cdc9d9-ddb5-4fa4-a97d-d965ccfc6d4b" outcome="Passed" testListId="8c84fa94-04c1-424b-9868-57a2d4851a1d" relativeResultsDirectory="6fa3cf84-2270-4d21-80b5-0dfc99ee8bc2" />
    <UnitTestResult executionId="2e47161e-3a16-41f2-bf34-ecb53f9bc8af" testId="59559532-46e5-6017-0ebf-ff8ffed77bc9" testName="PostGresAPI.UnitTests.Services.BookingServiceTests.IsActive_BookingNotYetStarted_ReturnsFalse" computerName="LAPTOP-G97K9LKJ" duration="00:00:00.0005879" startTime="2025-12-16T12:11:10.8693759+01:00" endTime="2025-12-16T12:11:10.8700946+01:00" testType="13cdc9d9-ddb5-4fa4-a97d-d965ccfc6d4b" outcome="Passed" testListId="8c84fa94-04c1-424b-9868-57a2d4851a1d" relativeResultsDirectory="2e47161e-3a16-41f2-bf34-ecb53f9bc8af" />
    <UnitTestResult executionId="ac8beb81-026c-4048-8fac-254b058242c7" testId="01f78433-6b84-3fa8-4b37-a73ecf95ba71" testName="PostGresAPI.UnitTests.Services.BookingServiceTests.UpdateStatus_BookingNotFound_ReturnsError" computerName="LAPTOP-G97K9LKJ" duration="00:00:00.0005031" startTime="2025-12-16T12:11:10.8860824+01:00" endTime="2025-12-16T12:11:10.8861023+01:00" testType="13cdc9d9-ddb5-4fa4-a97d-d965ccfc6d4b" outcome="Passed" testListId="8c84fa94-04c1-424b-9868-57a2d4851a1d" relativeResultsDirectory="ac8beb81-026c-4048-8fac-254b058242c7" />
    <UnitTestResult executionId="7afd9d59-0415-4e58-b107-4e3a4d35f3cd" testId="e496f30e-c401-2703-3139-6d0b898e97b4" testName="PostGresAPI.UnitTests.Repository.BookingRepositoryIntegrationTests.GetAll_ReturnsSortedByStartTime" computerName="LAPTOP-G97K9LKJ" duration="00:00:00.0040080" startTime="2025-12-16T12:11:11.3205994+01:00" endTime="2025-12-16T12:11:11.3245430+01:00" testType="13cdc9d9-ddb5-4fa4-a97d-d965ccfc6d4b" outcome="Passed" testListId="8c84fa94-04c1-424b-9868-57a2d4851a1d" relativeResultsDirectory="7afd9d59-0415-4e58-b107-4e3a4d35f3cd" />
    <UnitTestResult executionId="ba49aa9b-f631-4618-9d94-ae2c403c26b9" testId="0596b27d-dd49-43f2-a352-11522aa70b7f" testName="PostGresAPI.UnitTests.Repository.BookingRepositoryIntegrationTests.HasOverlap_WithExcludeBookingId_IgnoresExcludedBooking" computerName="LAPTOP-G97K9LKJ" duration="00:00:00.0037866" startTime="2025-12-16T12:11:11.2933853+01:00" endTime="2025-12-16T12:11:11.2965829+01:00" testType="13cdc9d9-ddb5-4fa4-a97d-d965ccfc6d4b" outcome="Passed" testListId="8c84fa94-04c1-424b-9868-57a2d4851a1d" relativeResultsDirectory="ba49aa9b-f631-4618-9d94-ae2c403c26b9" />
    <UnitTestResult executionId="1f2acca5-7cc0-47e4-acf0-484df1a043a1" testId="dd269b15-2520-8307-02a6-46f234ca4151" testName="PostGresAPI.UnitTests.Services.RoomServiceTests.CreateMeetingroom_WithoutImage_CreatesSuccessfully" computerName="LAPTOP-G97K9LKJ" duration="00:00:00.0016302" startTime="2025-12-16T12:11:10.8657798+01:00" endTime="2025-12-16T12:11:10.8665970+01:00" testType="13cdc9d9-ddb5-4fa4-a97d-d965ccfc6d4b" outcome="Passed" testListId="8c84fa94-04c1-424b-9868-57a2d4851a1d" relativeResultsDirectory="1f2acca5-7cc0-47e4-acf0-484df1a043a1" />
    <UnitTestResult executionId="7bf5ef1d-920c-4500-9bb5-a2188f837ae2" testId="075b97e0-8af6-8006-1afb-e16c37cb621f" testName="PostGresAPI.UnitTests.Services.RoomServiceTests.GetAll_FilterByMeetingroom_ReturnsOnlyMeetingrooms" computerName="LAPTOP-G97K9LKJ" duration="00:00:00.0017060" startTime="2025-12-16T12:11:10.8814281+01:00" endTime="2025-12-16T12:11:10.8819781+01:00" testType="13cdc9d9-ddb5-4fa4-a97d-d965ccfc6d4b" outcome="Passed" testListId="8c84fa94-04c1-424b-9868-57a2d4851a1d" relativeResultsDirectory="7bf5ef1d-920c-4500-9bb5-a2188f837ae2" />
    <UnitTestResult executionId="ec099699-0684-47c4-9ffe-b67655daa390" testId="d39f7397-ce4d-a133-abe6-e2759eb1d666" testName="PostGresAPI.UnitTests.Controllers.RoomsControllerTests.GetById_VariousIds_ReturnsCorrectRoom(roomId: 1)" computerName="LAPTOP-G97K9LKJ" duration="00:00:00.0003476" startTime="2025-12-16T12:11:10.8700037+01:00" endTime="2025-12-16T12:11:10.8704479+01:00" testType="13cdc9d9-ddb5-4fa4-a97d-d965ccfc6d4b" outcome="Passed" testListId="8c84fa94-04c1-424b-9868-57a2d4851a1d" relativeResultsDirectory="ec099699-0684-47c4-9ffe-b67655daa390" />
    <UnitTestResult executionId="a792665e-e5b6-44db-a03c-597261c5ffca" testId="f2b72430-0ab4-e445-20ba-c6c17fa16f01" testName="PostGresAPI.UnitTests.Services.BookingServiceTests.Create_TimeRangeOverlaps_ReturnsError" computerName="LAPTOP-G97K9LKJ" duration="00:00:00.0057558" startTime="2025-12-16T12:11:10.8658230+01:00" endTime="2025-12-16T12:11:10.8672955+01:00" testType="13cdc9d9-ddb5-4fa4-a97d-d965ccfc6d4b" outcome="Passed" testListId="8c84fa94-04c1-424b-9868-57a2d4851a1d" relativeResultsDirectory="a792665e-e5b6-44db-a03c-597261c5ffca" />
    <UnitTestResult executionId="886b2ace-332a-4714-9a6a-bc5914ecac2b" testId="ffb4d289-f1bb-8f59-a30b-dffe9fe78fe5" testName="PostGresAPI.UnitTests.Repository.RoomRepositoryIntegrationTests.UpdateName_NonExistingRoom_ReturnsNull" computerName="LAPTOP-G97K9LKJ" duration="00:00:00.0005363" startTime="2025-12-16T12:11:11.3342390+01:00" endTime="2025-12-16T12:11:11.3349225+01:00" testType="13cdc9d9-ddb5-4fa4-a97d-d965ccfc6d4b" outcome="Passed" testListId="8c84fa94-04c1-424b-9868-57a2d4851a1d" relativeResultsDirectory="886b2ace-332a-4714-9a6a-bc5914ecac2b" />
    <UnitTestResult executionId="9c3e79fe-db4c-4cc3-8809-15c462771988" testId="99bfd316-e1e1-05ce-5eb6-afa6758c5b90" testName="PostGresAPI.UnitTests.Repository.RoomRepositoryIntegrationTests.Delete_NonExistingRoom_ReturnsFalse" computerName="LAPTOP-G97K9LKJ" duration="00:00:00.0005925" startTime="2025-12-16T12:11:11.3331231+01:00" endTime="2025-12-16T12:11:11.3340460+01:00" testType="13cdc9d9-ddb5-4fa4-a97d-d965ccfc6d4b" outcome="Passed" testListId="8c84fa94-04c1-424b-9868-57a2d4851a1d" relativeResultsDirectory="9c3e79fe-db4c-4cc3-8809-15c462771988" />
    <UnitTestResult executionId="2ad59e0e-c958-45ad-939e-e6c71f3bfecc" testId="82690785-2bd4-d2f1-92ff-65f3bb885b62" testName="PostGresAPI.UnitTests.Repository.BookingRepositoryIntegrationTests.HasOverlap_DifferentRoom_ReturnsFalse" computerName="LAPTOP-G97K9LKJ" duration="00:00:00.0059566" startTime="2025-12-16T12:11:11.2868180+01:00" endTime="2025-12-16T12:11:11.2927788+01:00" testType="13cdc9d9-ddb5-4fa4-a97d-d965ccfc6d4b" outcome="Passed" testListId="8c84fa94-04c1-424b-9868-57a2d4851a1d" relativeResultsDirectory="2ad59e0e-c958-45ad-939e-e6c71f3bfecc" />
    <UnitTestResult executionId="980aa406-ea80-4b76-8e63-b5dfd123ae1e" testId="44db73e3-c856-b449-0835-2e2c8888516f" testName="PostGresAPI.UnitTests.Services.BookingServiceTests.Update_StartAfterEnd_ReturnsError" computerName="LAPTOP-G97K9LKJ" duration="00:00:00.0003332" startTime="2025-12-16T12:11:10.8860137+01:00" endTime="2025-12-16T12:11:10.8860343+01:00" testType="13cdc9d9-ddb5-4fa4-a97d-d965ccfc6d4b" outcome="Passed" testListId="8c84fa94-04c1-424b-9868-57a2d4851a1d" relativeResultsDirectory="980aa406-ea80-4b76-8e63-b5dfd123ae1e" />
    <UnitTestResult executionId="7d3ecc04-f565-4c63-a60c-0ee7f794e92d" testId="bcaf5c4e-14b1-0f38-a9ca-00e403d87c18" testName="PostGresAPI.UnitTests.Controllers.RoomsControllerTests.GetById_ExistingRoom_ReturnsRoom" computerName="LAPTOP-G97K9LKJ" duration="00:00:00.0004825" startTime="2025-12-16T12:11:10.8796940+01:00" endTime="2025-12-16T12:11:10.8798675+01:00" testType="13cdc9d9-ddb5-4fa4-a97d-d965ccfc6d4b" outcome="Passed" testListId="8c84fa94-04c1-424b-9868-57a2d4851a1d" relativeResultsDirectory="7d3ecc04-f565-4c63-a60c-0ee7f794e92d" />
    <UnitTestResult executionId="e9da0e2b-8e5c-4a17-a3db-b2de8d5346b5" testId="6df3444b-85b5-c030-4887-82deea708728" testName="PostGresAPI.UnitTests.Repository.RoomRepositoryIntegrationTests.UpdateName_UpdatesRoomName" computerName="LAPTOP-G97K9LKJ" duration="00:00:00.0012151" startTime="2025-12-16T12:11:11.3232119+01:00" endTime="2025-12-16T12:11:11.3246617+01:00" testType="13cdc9d9-ddb5-4fa4-a97d-d965ccfc6d4b" outcome="Failed" testListId="8c84fa94-04c1-424b-9868-57a2d4851a1d" relativeResultsDirectory="e9da0e2b-8e5c-4a17-a3db-b2de8d5346b5">
      <Output>
        <ErrorInfo>
          <Message>System.Exception : Fehler beim Aktualisieren von Room mit ID 34&#xD;
---- System.InvalidOperationException : The instance of entity type 'Bedroom' cannot be tracked because another instance with the same key value for {'Id'} is already being tracked. When attaching existing entities, ensure that only one entity instance with a given key value is attached. Consider using 'DbContextOptionsBuilder.EnableSensitiveDataLogging' to see the conflicting key values.</Message>
          <StackTrace>   at PostGresAPI.Repository.RoomRepository.UpdateName(Int32 id, String name) in C:\PostGresAPI_Project\PostGresAPI_Project\PostGresAPI\Repository\RoomRepository.cs:line 109&#xD;
   at PostGresAPI.UnitTests.Repository.RoomRepositoryIntegrationTests.UpdateName_UpdatesRoomName() in C:\PostGresAPI_Project\PostGresAPI_Project\PostGresAPI.UnitTests\Repository\RoomRepositoryIntegrationTests.cs:line 143&#xD;
--- End of stack trace from previous location ---&#xD;
----- Inner Stack Trace -----&#xD;
   at Microsoft.EntityFrameworkCore.ChangeTracking.Internal.IdentityMap`1.ThrowIdentityConflict(InternalEntityEntry entry)&#xD;
   at Microsoft.EntityFrameworkCore.ChangeTracking.Internal.IdentityMap`1.Add(TKey key, InternalEntityEntry entry, Boolean updateDuplicate)&#xD;
   at Microsoft.EntityFrameworkCore.ChangeTracking.Internal.IdentityMap`1.Add(TKey key, InternalEntityEntry entry)&#xD;
   at Microsoft.EntityFrameworkCore.ChangeTracking.Internal.IdentityMap`1.Add(InternalEntityEntry entry)&#xD;
   at Microsoft.EntityFrameworkCore.ChangeTracking.Internal.StateManager.StartTracking(InternalEntityEntry entry)&#xD;
   at Microsoft.EntityFrameworkCore.ChangeTracking.Internal.InternalEntityEntry.SetEntityState(EntityState oldState, EntityState newState, Boolean acceptChanges, Boolean modifyProperties)&#xD;
   at Microsoft.EntityFrameworkCore.ChangeTracking.Internal.InternalEntityEntry.SetEntityState(EntityState entityState, Boolean acceptChanges, Boolean modifyProperties, Nullable`1 forceStateWhenUnknownKey, Nullable`1 fallbackState)&#xD;
   at Microsoft.EntityFrameworkCore.ChangeTracking.Internal.EntityGraphAttacher.PaintAction(EntityEntryGraphNode`1 node)&#xD;
   at Microsoft.EntityFrameworkCore.ChangeTracking.Internal.EntityEntryGraphIterator.TraverseGraph[TState](EntityEntryGraphNode`1 node, Func`2 handleNode)&#xD;
   at Microsoft.EntityFrameworkCore.ChangeTracking.Internal.EntityGraphAttacher.AttachGraph(InternalEntityEntry rootEntry, EntityState targetState, EntityState storeGeneratedWithKeySetTargetState, Boolean forceStateWhenUnknownKey)&#xD;
   at Microsoft.EntityFrameworkCore.Internal.InternalDbSet`1.SetEntityState(InternalEntityEntry entry, EntityState entityState)&#xD;
   at Microsoft.EntityFrameworkCore.Internal.InternalDbSet`1.Update(TEntity entity)&#xD;
   at PostGresAPI.Repository.RoomRepository.UpdateName(Int32 id, String name) in C:\PostGresAPI_Project\PostGresAPI_Project\PostGresAPI\Repository\RoomRepository.cs:line 103</StackTrace>
        </ErrorInfo>
      </Output>
    </UnitTestResult>
    <UnitTestResult executionId="33b76bae-fca0-4d2d-87db-88ad0cf709da" testId="183d1c70-ad6a-3775-02a6-05c31bfb4929" testName="PostGresAPI.UnitTests.Repository.RoomRepositoryIntegrationTests.UpdateImage_NonExistingRoom_ReturnsNull" computerName="LAPTOP-G97K9LKJ" duration="00:00:00.0060130" startTime="2025-12-16T12:11:11.3258370+01:00" endTime="2025-12-16T12:11:11.3319629+01:00" testType="13cdc9d9-ddb5-4fa4-a97d-d965ccfc6d4b" outcome="Passed" testListId="8c84fa94-04c1-424b-9868-57a2d4851a1d" relativeResultsDirectory="33b76bae-fca0-4d2d-87db-88ad0cf709da" />
    <UnitTestResult executionId="d2e6c763-4761-46f1-b5fb-f005c54c01b4" testId="6778d08c-1276-49fb-a38b-8fa1274fbf37" testName="PostGresAPI.UnitTests.Repository.RoomRepositoryIntegrationTests.Exists_NonExistingRoom_ReturnsFalse" computerName="LAPTOP-G97K9LKJ" duration="00:00:00.0005255" startTime="2025-12-16T12:11:11.3341304+01:00" endTime="2025-12-16T12:11:11.3341820+01:00" testType="13cdc9d9-ddb5-4fa4-a97d-d965ccfc6d4b" outcome="Passed" testListId="8c84fa94-04c1-424b-9868-57a2d4851a1d" relativeResultsDirectory="d2e6c763-4761-46f1-b5fb-f005c54c01b4" />
    <UnitTestResult executionId="73661bc5-acd7-4516-9c23-a78e459c2050" testId="c8b0a136-316f-dbbb-9892-34cdf745d352" testName="PostGresAPI.UnitTests.Services.BookingServiceTests.Create_StartAfterEnd_ReturnsError" computerName="LAPTOP-G97K9LKJ" duration="00:00:00.0003031" startTime="2025-12-16T12:11:10.8851471+01:00" endTime="2025-12-16T12:11:10.8851675+01:00" testType="13cdc9d9-ddb5-4fa4-a97d-d965ccfc6d4b" outcome="Passed" testListId="8c84fa94-04c1-424b-9868-57a2d4851a1d" relativeResultsDirectory="73661bc5-acd7-4516-9c23-a78e459c2050" />
    <UnitTestResult executionId="bb09ec4f-4b15-4225-b38a-b2b01a464c50" testId="7fece5cd-2d9c-de82-6565-80835649aeae" testName="PostGresAPI.UnitTests.Repository.RoomRepositoryIntegrationTests.GetMeetingrooms_ReturnsOnlyMeetingrooms" computerName="LAPTOP-G97K9LKJ" duration="00:00:00.0110389" startTime="2025-12-16T12:11:11.3134328+01:00" endTime="2025-12-16T12:11:11.3216809+01:00" testType="13cdc9d9-ddb5-4fa4-a97d-d965ccfc6d4b" outcome="Passed" testListId="8c84fa94-04c1-424b-9868-57a2d4851a1d" relativeResultsDirectory="bb09ec4f-4b15-4225-b38a-b2b01a464c50" />
    <UnitTestResult executionId="4f01d837-c9a7-4563-85e6-ca7f5d9b449b" testId="eb20ebca-4287-43a1-2870-7165a2417d23" testName="PostGresAPI.UnitTests.Controllers.BookingsControllerTests.Login_ValidCredentials_ReturnsToken" computerName="LAPTOP-G97K9LKJ" duration="00:00:00.0014191" startTime="2025-12-16T12:11:10.8852823+01:00" endTime="2025-12-16T12:11:10.8853029+01:00" testType="13cdc9d9-ddb5-4fa4-a97d-d965ccfc6d4b" outcome="Passed" testListId="8c84fa94-04c1-424b-9868-57a2d4851a1d" relativeResultsDirectory="4f01d837-c9a7-4563-85e6-ca7f5d9b449b" />
    <UnitTestResult executionId="aafea8e4-0e7d-4ddb-a229-5088382d0c5f" testId="f7d4026e-94d4-c4cd-0277-1f8abb718943" testName="PostGresAPI.UnitTests.Services.RoomServiceTests.Delete_NonExistingRoom_ReturnsFalse" computerName="LAPTOP-G97K9LKJ" duration="00:00:00.0007004" startTime="2025-12-16T12:11:10.8806114+01:00" endTime="2025-12-16T12:11:10.8807148+01:00" testType="13cdc9d9-ddb5-4fa4-a97d-d965ccfc6d4b" outcome="Passed" testListId="8c84fa94-04c1-424b-9868-57a2d4851a1d" relativeResultsDirectory="aafea8e4-0e7d-4ddb-a229-5088382d0c5f" />
    <UnitTestResult executionId="1ec6da5c-a2a3-49ed-921f-b62cc7d0357c" testId="337b1243-48c7-e0eb-9e3f-d90b78676f4b" testName="PostGresAPI.UnitTests.Controllers.BookingsControllerTests.Delete_WithValidTokenAndAuthorizedBooking_ReturnsNoContent" computerName="LAPTOP-G97K9LKJ" duration="00:00:00.0050957" startTime="2025-12-16T12:11:10.8658083+01:00" endTime="2025-12-16T12:11:10.8671960+01:00" testType="13cdc9d9-ddb5-4fa4-a97d-d965ccfc6d4b" outcome="Passed" testListId="8c84fa94-04c1-424b-9868-57a2d4851a1d" relativeResultsDirectory="1ec6da5c-a2a3-49ed-921f-b62cc7d0357c" />
    <UnitTestResult executionId="037a7ef3-d052-4135-9cf2-1f200978536c" testId="c779d9f0-32ae-65c4-2d8d-cb3a70129551" testName="PostGresAPI.UnitTests.Controllers.BookingsControllerTests.Create_ValidBooking_ReturnsCreatedAtAction" computerName="LAPTOP-G97K9LKJ" duration="00:00:00.0017322" startTime="2025-12-16T12:11:10.8853534+01:00" endTime="2025-12-16T12:11:10.8854427+01:00" testType="13cdc9d9-ddb5-4fa4-a97d-d965ccfc6d4b" outcome="Passed" testListId="8c84fa94-04c1-424b-9868-57a2d4851a1d" relativeResultsDirectory="037a7ef3-d052-4135-9cf2-1f200978536c" />
    <UnitTestResult executionId="0941ab74-da02-4b23-bccd-b7bb2af1ec07" testId="70e8ce1a-9d49-eb47-e382-ee83bf7602ef" testName="PostGresAPI.UnitTests.Repository.BookingRepositoryIntegrationTests.Update_UpdatesExistingBooking" computerName="LAPTOP-G97K9LKJ" duration="00:00:00.4880754" startTime="2025-12-16T12:11:10.7646865+01:00" endTime="2025-12-16T12:11:11.2546890+01:00" testType="13cdc9d9-ddb5-4fa4-a97d-d965ccfc6d4b" outcome="Passed" testListId="8c84fa94-04c1-424b-9868-57a2d4851a1d" relativeResultsDirectory="0941ab74-da02-4b23-bccd-b7bb2af1ec07" />
    <UnitTestResult executionId="97c7f9a4-423e-4dad-98ac-9eaa9d2169a0" testId="a6f83813-1ab9-e891-9beb-0f7cfea47c07" testName="PostGresAPI.UnitTests.Services.RoomServiceTests.GetById_NonExistingRoom_ReturnsNull" computerName="LAPTOP-G97K9LKJ" duration="00:00:00.0004341" startTime="2025-12-16T12:11:10.8820580+01:00" endTime="2025-12-16T12:11:10.8824141+01:00" testType="13cdc9d9-ddb5-4fa4-a97d-d965ccfc6d4b" outcome="Passed" testListId="8c84fa94-04c1-424b-9868-57a2d4851a1d" relativeResultsDirectory="97c7f9a4-423e-4dad-98ac-9eaa9d2169a0" />
    <UnitTestResult executionId="85f4a3a9-d951-4d46-ba03-6e50b2aa6e17" testId="e7ba1b70-e68a-3bc2-dfb0-ac068fc98026" testName="PostGresAPI.UnitTests.Services.RoomServiceTests.GetAll_UnknownType_ReturnsEmptyList" computerName="LAPTOP-G97K9LKJ" duration="00:00:00.0016046" startTime="2025-12-16T12:11:10.8697312+01:00" endTime="2025-12-16T12:11:10.8805227+01:00" testType="13cdc9d9-ddb5-4fa4-a97d-d965ccfc6d4b" outcome="Passed" testListId="8c84fa94-04c1-424b-9868-57a2d4851a1d" relativeResultsDirectory="85f4a3a9-d951-4d46-ba03-6e50b2aa6e17" />
    <UnitTestResult executionId="dbdd667a-7967-4c0b-ae44-0264e617c4ff" testId="242a1e49-c7f3-53d7-feed-0639d685fb0a" testName="PostGresAPI.UnitTests.Controllers.RoomsControllerTests.GetAll_UnknownFilter_ReturnsEmptyList" computerName="LAPTOP-G97K9LKJ" duration="00:00:00.0006869" startTime="2025-12-16T12:11:10.8809804+01:00" endTime="2025-12-16T12:11:10.8814547+01:00" testType="13cdc9d9-ddb5-4fa4-a97d-d965ccfc6d4b" outcome="Passed" testListId="8c84fa94-04c1-424b-9868-57a2d4851a1d" relativeResultsDirectory="dbdd667a-7967-4c0b-ae44-0264e617c4ff" />
    <UnitTestResult executionId="32b86ee4-c063-441a-8216-850d128bc487" testId="66a83c11-32c1-3396-f147-f7165f80adc7" testName="PostGresAPI.UnitTests.Controllers.BookingsControllerTests.GetById_WithValidTokenButUnauthorizedBooking_ReturnsForbidden" computerName="LAPTOP-G97K9LKJ" duration="00:00:00.0006323" startTime="2025-12-16T12:11:10.8850749+01:00" endTime="2025-12-16T12:11:10.8852354+01:00" testType="13cdc9d9-ddb5-4fa4-a97d-d965ccfc6d4b" outcome="Passed" testListId="8c84fa94-04c1-424b-9868-57a2d4851a1d" relativeResultsDirectory="32b86ee4-c063-441a-8216-850d128bc487" />
    <UnitTestResult executionId="37df906f-04db-4e62-b60a-0456f76b5dbc" testId="c750b36a-d377-f9b6-f82c-bbf26039b1be" testName="PostGresAPI.UnitTests.Controllers.RoomsControllerTests.GetById_VariousIds_ReturnsCorrectRoom(roomId: 5)" computerName="LAPTOP-G97K9LKJ" duration="00:00:00.0005351" startTime="2025-12-16T12:11:10.8692169+01:00" endTime="2025-12-16T12:11:10.8698284+01:00" testType="13cdc9d9-ddb5-4fa4-a97d-d965ccfc6d4b" outcome="Passed" testListId="8c84fa94-04c1-424b-9868-57a2d4851a1d" relativeResultsDirectory="37df906f-04db-4e62-b60a-0456f76b5dbc" />
    <UnitTestResult executionId="1de12042-6d29-4a0e-8628-8c66812966eb" testId="9b7a35ae-e004-e367-d329-1fe02e09100a" testName="PostGresAPI.UnitTests.Services.RoomServiceTests.UpdateName_ExistingRoom_ReturnsUpdatedRoom" computerName="LAPTOP-G97K9LKJ" duration="00:00:00.0673339" startTime="2025-12-16T12:11:10.7646415+01:00" endTime="2025-12-16T12:11:10.8385688+01:00" testType="13cdc9d9-ddb5-4fa4-a97d-d965ccfc6d4b" outcome="Passed" testListId="8c84fa94-04c1-424b-9868-57a2d4851a1d" relativeResultsDirectory="1de12042-6d29-4a0e-8628-8c66812966eb" />
    <UnitTestResult executionId="474f9687-518e-45d9-975a-ac57b39ee60e" testId="7de7ceb1-e35c-43e2-3b16-e815b8738f41" testName="PostGresAPI.UnitTests.Repository.RoomRepositoryIntegrationTests.UpdateImage_UpdatesRoomImage" computerName="LAPTOP-G97K9LKJ" duration="00:00:00.0010275" startTime="2025-12-16T12:11:11.3320926+01:00" endTime="2025-12-16T12:11:11.3330152+01:00" testType="13cdc9d9-ddb5-4fa4-a97d-d965ccfc6d4b" outcome="Passed" testListId="8c84fa94-04c1-424b-9868-57a2d4851a1d" relativeResultsDirectory="474f9687-518e-45d9-975a-ac57b39ee60e" />
    <UnitTestResult executionId="288fac87-55dd-4a14-8e19-4d308741f0b3" testId="b1f730d7-61b2-2866-843d-5d425b1f0304" testName="PostGresAPI.UnitTests.Repository.BookingRepositoryIntegrationTests.Delete_NonExistingBooking_ReturnsFalse" computerName="LAPTOP-G97K9LKJ" duration="00:00:00.0008702" startTime="2025-12-16T12:11:11.3246170+01:00" endTime="2025-12-16T12:11:11.3255643+01:00" testType="13cdc9d9-ddb5-4fa4-a97d-d965ccfc6d4b" outcome="Passed" testListId="8c84fa94-04c1-424b-9868-57a2d4851a1d" relativeResultsDirectory="288fac87-55dd-4a14-8e19-4d308741f0b3" />
    <UnitTestResult executionId="920d4570-2ebc-404a-bc7a-0fc5e7f65485" testId="7a999f07-8848-e00f-54f2-7ba925073e56" testName="PostGresAPI.UnitTests.Repository.RoomRepositoryIntegrationTests.GetById_NonExistingRoom_ReturnsNull" computerName="LAPTOP-G97K9LKJ" duration="00:00:00.0004471" startTime="2025-12-16T12:11:11.3254429+01:00" endTime="2025-12-16T12:11:11.3254845+01:00" testType="13cdc9d9-ddb5-4fa4-a97d-d965ccfc6d4b" outcome="Passed" testListId="8c84fa94-04c1-424b-9868-57a2d4851a1d" relativeResultsDirectory="920d4570-2ebc-404a-bc7a-0fc5e7f65485" />
    <UnitTestResult executionId="e60e8d9e-b576-47d6-8c71-a27c3309879a" testId="3a543a37-9a14-3ef0-bca0-275e26e68dab" testName="PostGresAPI.UnitTests.Services.BookingServiceTests.IsActive_BookingIsActive_ReturnsTrue" computerName="LAPTOP-G97K9LKJ" duration="00:00:00.0001131" startTime="2025-12-16T12:11:10.8861486+01:00" endTime="2025-12-16T12:11:10.8861689+01:00" testType="13cdc9d9-ddb5-4fa4-a97d-d965ccfc6d4b" outcome="Passed" testListId="8c84fa94-04c1-424b-9868-57a2d4851a1d" relativeResultsDirectory="e60e8d9e-b576-47d6-8c71-a27c3309879a" />
    <UnitTestResult executionId="c6557663-de03-4fe4-af46-0cc87a434d5a" testId="08c7b923-27c1-6426-6a35-c4b103a9e1a8" testName="PostGresAPI.UnitTests.Controllers.RoomsControllerTests.GetAll_NoFilter_ReturnsAllRooms" computerName="LAPTOP-G97K9LKJ" duration="00:00:00.0037432" startTime="2025-12-16T12:11:10.8658506+01:00" endTime="2025-12-16T12:11:10.8669985+01:00" testType="13cdc9d9-ddb5-4fa4-a97d-d965ccfc6d4b" outcome="Passed" testListId="8c84fa94-04c1-424b-9868-57a2d4851a1d" relativeResultsDirectory="c6557663-de03-4fe4-af46-0cc87a434d5a" />
    <UnitTestResult executionId="6ab1939c-2445-463f-9eed-8b82a3c8691f" testId="80c4eae0-d78d-9d00-2f9c-4e27aba38ed8" testName="PostGresAPI.UnitTests.Services.BookingServiceTests.GetBookingIdsByCredentials_ValidCredentials_ReturnsBookingIds" computerName="LAPTOP-G97K9LKJ" duration="00:00:00.0058521" startTime="2025-12-16T12:11:10.8703360+01:00" endTime="2025-12-16T12:11:10.8825198+01:00" testType="13cdc9d9-ddb5-4fa4-a97d-d965ccfc6d4b" outcome="Passed" testListId="8c84fa94-04c1-424b-9868-57a2d4851a1d" relativeResultsDirectory="6ab1939c-2445-463f-9eed-8b82a3c8691f" />
    <UnitTestResult executionId="5f648b02-8994-4593-b36a-2533b54126c9" testId="9eb5e2a7-b2ca-e4dd-ed7d-87eb9b5ea0fa" testName="PostGresAPI.UnitTests.Services.BookingServiceTests.UpdateStatus_ValidStatus_ReturnsSuccess" computerName="LAPTOP-G97K9LKJ" duration="00:00:00.0006879" startTime="2025-12-16T12:11:10.8845491+01:00" endTime="2025-12-16T12:11:10.8850902+01:00" testType="13cdc9d9-ddb5-4fa4-a97d-d965ccfc6d4b" outcome="Passed" testListId="8c84fa94-04c1-424b-9868-57a2d4851a1d" relativeResultsDirectory="5f648b02-8994-4593-b36a-2533b54126c9" />
    <UnitTestResult executionId="50a4d0a2-675f-416d-b42f-cd0b6d2c6c04" testId="99372099-44b7-faf6-c261-b84463f13f27" testName="PostGresAPI.UnitTests.Repository.RoomRepositoryIntegrationTests.Delete_RemovesRoom" computerName="LAPTOP-G97K9LKJ" duration="00:00:00.0320740" startTime="2025-12-16T12:11:11.2548799+01:00" endTime="2025-12-16T12:11:11.3067542+01:00" testType="13cdc9d9-ddb5-4fa4-a97d-d965ccfc6d4b" outcome="Failed" testListId="8c84fa94-04c1-424b-9868-57a2d4851a1d" relativeResultsDirectory="50a4d0a2-675f-416d-b42f-cd0b6d2c6c04">
      <Output>
        <ErrorInfo>
          <Message>System.Exception : Fehler beim Löschen von Room mit ID 7&#xD;
---- System.InvalidOperationException : The instance of entity type 'Bedroom' cannot be tracked because another instance with the same key value for {'Id'} is already being tracked. When attaching existing entities, ensure that only one entity instance with a given key value is attached. Consider using 'DbContextOptionsBuilder.EnableSensitiveDataLogging' to see the conflicting key values.</Message>
          <StackTrace>   at PostGresAPI.Repository.RoomRepository.Delete(Int32 id) in C:\PostGresAPI_Project\PostGresAPI_Project\PostGresAPI\Repository\RoomRepository.cs:line 128&#xD;
   at PostGresAPI.UnitTests.Repository.RoomRepositoryIntegrationTests.Delete_RemovesRoom() in C:\PostGresAPI_Project\PostGresAPI_Project\PostGresAPI.UnitTests\Repository\RoomRepositoryIntegrationTests.cs:line 200&#xD;
--- End of stack trace from previous location ---&#xD;
----- Inner Stack Trace -----&#xD;
   at Microsoft.EntityFrameworkCore.ChangeTracking.Internal.IdentityMap`1.ThrowIdentityConflict(InternalEntityEntry entry)&#xD;
   at Microsoft.EntityFrameworkCore.ChangeTracking.Internal.IdentityMap`1.Add(TKey key, InternalEntityEntry entry, Boolean updateDuplicate)&#xD;
   at Microsoft.EntityFrameworkCore.ChangeTracking.Internal.IdentityMap`1.Add(TKey key, InternalEntityEntry entry)&#xD;
   at Microsoft.EntityFrameworkCore.ChangeTracking.Internal.IdentityMap`1.Add(InternalEntityEntry entry)&#xD;
   at Microsoft.EntityFrameworkCore.ChangeTracking.Internal.StateManager.StartTracking(InternalEntityEntry entry)&#xD;
   at Microsoft.EntityFrameworkCore.ChangeTracking.Internal.InternalEntityEntry.SetEntityState(EntityState oldState, EntityState newState, Boolean acceptChanges, Boolean modifyProperties)&#xD;
   at Microsoft.EntityFrameworkCore.ChangeTracking.Internal.InternalEntityEntry.SetEntityState(EntityState entityState, Boolean acceptChanges, Boolean modifyProperties, Nullable`1 forceStateWhenUnknownKey, Nullable`1 fallbackState)&#xD;
   at Microsoft.EntityFrameworkCore.ChangeTracking.Internal.EntityGraphAttacher.PaintAction(EntityEntryGraphNode`1 node)&#xD;
   at Microsoft.EntityFrameworkCore.ChangeTracking.Internal.EntityEntryGraphIterator.TraverseGraph[TState](EntityEntryGraphNode`1 node, Func`2 handleNode)&#xD;
   at Microsoft.EntityFrameworkCore.ChangeTracking.Internal.EntityGraphAttacher.AttachGraph(InternalEntityEntry rootEntry, EntityState targetState, EntityState storeGeneratedWithKeySetTargetState, Boolean forceStateWhenUnknownKey)&#xD;
   at Microsoft.EntityFrameworkCore.Internal.InternalDbSet`1.SetEntityState(InternalEntityEntry entry, EntityState entityState)&#xD;
   at Microsoft.EntityFrameworkCore.Internal.InternalDbSet`1.Remove(TEntity entity)&#xD;
   at PostGresAPI.Repository.RoomRepository.Delete(Int32 id) in C:\PostGresAPI_Project\PostGresAPI_Project\PostGresAPI\Repository\RoomRepository.cs:line 122</StackTrace>
        </ErrorInfo>
      </Output>
    </UnitTestResult>
    <UnitTestResult executionId="b6555920-14a2-459b-b06d-9cf310b45daf" testId="576cd266-b213-5146-e273-755db5f2712f" testName="PostGresAPI.UnitTests.Services.RoomServiceTests.GetAll_NoFilter_ReturnsAllRooms" computerName="LAPTOP-G97K9LKJ" duration="00:00:00.0008331" startTime="2025-12-16T12:11:10.8826634+01:00" endTime="2025-12-16T12:11:10.8832765+01:00" testType="13cdc9d9-ddb5-4fa4-a97d-d965ccfc6d4b" outcome="Passed" testListId="8c84fa94-04c1-424b-9868-57a2d4851a1d" relativeResultsDirectory="b6555920-14a2-459b-b06d-9cf310b45daf" />
    <UnitTestResult executionId="69209b64-1ed1-48ae-a4f8-0f56c91c8925" testId="ed485326-273a-2cac-9fa2-189f6a2a80f4" testName="PostGresAPI.UnitTests.Services.BookingServiceTests.Delete_ExistingBooking_ReturnsSuccess" computerName="LAPTOP-G97K9LKJ" duration="00:00:00.0009009" startTime="2025-12-16T12:11:10.8854219+01:00" endTime="2025-12-16T12:11:10.8854857+01:00" testType="13cdc9d9-ddb5-4fa4-a97d-d965ccfc6d4b" outcome="Passed" testListId="8c84fa94-04c1-424b-9868-57a2d4851a1d" relativeResultsDirectory="69209b64-1ed1-48ae-a4f8-0f56c91c8925" />
    <UnitTestResult executionId="bc59a138-b04d-418f-9724-0dd638bee61c" testId="a9200dd6-0fd1-49d8-9f5f-bafdc82dfa24" testName="PostGresAPI.UnitTests.Services.RoomServiceTests.UpdateImage_ExistingRoom_ReturnsUpdatedRoom" computerName="LAPTOP-G97K9LKJ" duration="00:00:00.0012317" startTime="2025-12-16T12:11:10.8807651+01:00" endTime="2025-12-16T12:11:10.8810022+01:00" testType="13cdc9d9-ddb5-4fa4-a97d-d965ccfc6d4b" outcome="Passed" testListId="8c84fa94-04c1-424b-9868-57a2d4851a1d" relativeResultsDirectory="bc59a138-b04d-418f-9724-0dd638bee61c" />
    <UnitTestResult executionId="2c522cd9-dd57-46bf-9a1c-7e7eb9a598fe" testId="4292c22e-c86a-67ab-35ce-432e87de3f9a" testName="PostGresAPI.UnitTests.Controllers.RoomsControllerTests.GetById_NonExistingRoom_ReturnsNotFound" computerName="LAPTOP-G97K9LKJ" duration="00:00:00.0005442" startTime="2025-12-16T12:11:10.8809106+01:00" endTime="2025-12-16T12:11:10.8809322+01:00" testType="13cdc9d9-ddb5-4fa4-a97d-d965ccfc6d4b" outcome="Passed" testListId="8c84fa94-04c1-424b-9868-57a2d4851a1d" relativeResultsDirectory="2c522cd9-dd57-46bf-9a1c-7e7eb9a598fe" />
    <UnitTestResult executionId="23a7d862-e59b-4edf-abf6-be6bb2e62bfd" testId="abfa5898-5782-016c-0e35-2cb48514512e" testName="PostGresAPI.UnitTests.Controllers.BookingsControllerTests.Create_InvalidBooking_ReturnsBadRequest" computerName="LAPTOP-G97K9LKJ" duration="00:00:00.0032344" startTime="2025-12-16T12:11:10.8815475+01:00" endTime="2025-12-16T12:11:10.8831858+01:00" testType="13cdc9d9-ddb5-4fa4-a97d-d965ccfc6d4b" outcome="Passed" testListId="8c84fa94-04c1-424b-9868-57a2d4851a1d" relativeResultsDirectory="23a7d862-e59b-4edf-abf6-be6bb2e62bfd" />
    <UnitTestResult executionId="928ae2e0-efb0-41fd-9698-899c6e9eeef8" testId="703cddda-63e9-1cad-ed42-46311393db51" testName="PostGresAPI.UnitTests.Repository.RoomRepositoryIntegrationTests.GetAll_ReturnsSortedById" computerName="LAPTOP-G97K9LKJ" duration="00:00:00.4880661" startTime="2025-12-16T12:11:10.7646733+01:00" endTime="2025-12-16T12:11:11.2547298+01:00" testType="13cdc9d9-ddb5-4fa4-a97d-d965ccfc6d4b" outcome="Passed" testListId="8c84fa94-04c1-424b-9868-57a2d4851a1d" relativeResultsDirectory="928ae2e0-efb0-41fd-9698-899c6e9eeef8" />
    <UnitTestResult executionId="9ba163b5-b2ca-4b74-b07b-875b279847fd" testId="a3be5d6a-6922-afba-1d7b-d1762655e136" testName="PostGresAPI.UnitTests.Controllers.RoomsControllerTests.GetAll_FilterByBedroom_ReturnsOnlyBedrooms" computerName="LAPTOP-G97K9LKJ" duration="00:00:00.0668906" startTime="2025-12-16T12:11:10.7646561+01:00" endTime="2025-12-16T12:11:10.8431623+01:00" testType="13cdc9d9-ddb5-4fa4-a97d-d965ccfc6d4b" outcome="Passed" testListId="8c84fa94-04c1-424b-9868-57a2d4851a1d" relativeResultsDirectory="9ba163b5-b2ca-4b74-b07b-875b279847fd" />
    <UnitTestResult executionId="26d88332-b719-4cc2-b030-ce1b23f30a17" testId="2bee7e11-3c16-f275-6adc-c5e2d84c5ee4" testName="PostGresAPI.UnitTests.Services.BookingServiceTests.GetBookingIdsByCredentials_InvalidBookingNumber_ReturnsEmpty" computerName="LAPTOP-G97K9LKJ" duration="00:00:00.0003532" startTime="2025-12-16T12:11:10.8859314+01:00" endTime="2025-12-16T12:11:10.8859566+01:00" testType="13cdc9d9-ddb5-4fa4-a97d-d965ccfc6d4b" outcome="Passed" testListId="8c84fa94-04c1-424b-9868-57a2d4851a1d" relativeResultsDirectory="26d88332-b719-4cc2-b030-ce1b23f30a17" />
    <UnitTestResult executionId="7b828ba7-8e5b-4dbe-b577-1744a4a518f5" testId="d71061dc-9d3a-9c4c-7543-efe833912dbe" testName="PostGresAPI.UnitTests.Controllers.BookingsControllerTests.Delete_BookingNotFound_ReturnsBadRequest" computerName="LAPTOP-G97K9LKJ" duration="00:00:00.0017958" startTime="2025-12-16T12:11:10.8672661+01:00" endTime="2025-12-16T12:11:10.8797305+01:00" testType="13cdc9d9-ddb5-4fa4-a97d-d965ccfc6d4b" outcome="Passed" testListId="8c84fa94-04c1-424b-9868-57a2d4851a1d" relativeResultsDirectory="7b828ba7-8e5b-4dbe-b577-1744a4a518f5" />
    <UnitTestResult executionId="c8180895-9515-4d11-92d3-150522871914" testId="10db802f-4f20-5521-aa9b-f4d42da7faf7" testName="PostGresAPI.UnitTests.Controllers.RoomsControllerTests.GetAll_EmptyDatabase_ReturnsEmptyList" computerName="LAPTOP-G97K9LKJ" duration="00:00:00.0004983" startTime="2025-12-16T12:11:10.8806914+01:00" endTime="2025-12-16T12:11:10.8808609+01:00" testType="13cdc9d9-ddb5-4fa4-a97d-d965ccfc6d4b" outcome="Passed" testListId="8c84fa94-04c1-424b-9868-57a2d4851a1d" relativeResultsDirectory="c8180895-9515-4d11-92d3-150522871914" />
    <UnitTestResult executionId="0a270f87-47e6-4fd5-80d8-490ceb51515e" testId="19512e57-2cd9-648a-4551-bc96afde9105" testName="PostGresAPI.UnitTests.Repository.RoomRepositoryIntegrationTests.GetById_ExistingRoom_ReturnsRoom" computerName="LAPTOP-G97K9LKJ" duration="00:00:00.0008836" startTime="2025-12-16T12:11:11.3217707+01:00" endTime="2025-12-16T12:11:11.3226209+01:00" testType="13cdc9d9-ddb5-4fa4-a97d-d965ccfc6d4b" outcome="Passed" testListId="8c84fa94-04c1-424b-9868-57a2d4851a1d" relativeResultsDirectory="0a270f87-47e6-4fd5-80d8-490ceb51515e" />
    <UnitTestResult executionId="1cde336c-a791-498b-8df4-9f55220971d2" testId="f3cbe82b-8652-ee2e-605c-047935e7c778" testName="PostGresAPI.UnitTests.Services.BookingServiceTests.Create_ValidBooking_ReturnsSuccess" computerName="LAPTOP-G97K9LKJ" duration="00:00:00.0022934" startTime="2025-12-16T12:11:10.8843368+01:00" endTime="2025-12-16T12:11:10.8845024+01:00" testType="13cdc9d9-ddb5-4fa4-a97d-d965ccfc6d4b" outcome="Passed" testListId="8c84fa94-04c1-424b-9868-57a2d4851a1d" relativeResultsDirectory="1cde336c-a791-498b-8df4-9f55220971d2" />
    <UnitTestResult executionId="423fd7a5-51f7-478a-915c-de3116cf2ef7" testId="ca48c5e2-da7b-8be5-67ce-e036df8457b0" testName="PostGresAPI.UnitTests.Repository.BookingRepositoryIntegrationTests.GetByName_ReturnsBookingsWithMatchingName" computerName="LAPTOP-G97K9LKJ" duration="00:00:00.0142814" startTime="2025-12-16T12:11:11.3062708+01:00" endTime="2025-12-16T12:11:11.3204843+01:00" testType="13cdc9d9-ddb5-4fa4-a97d-d965ccfc6d4b" outcome="Passed" testListId="8c84fa94-04c1-424b-9868-57a2d4851a1d" relativeResultsDirectory="423fd7a5-51f7-478a-915c-de3116cf2ef7" />
    <UnitTestResult executionId="c9669dbb-3f94-4c91-9bd6-c1fd086be7d9" testId="383ff866-c0db-c854-024e-42a27b70d824" testName="PostGresAPI.UnitTests.Services.RoomServiceTests.GetAll_FilterIsCaseInsensitive_ReturnsCorrectRooms" computerName="LAPTOP-G97K9LKJ" duration="00:00:00.0005814" startTime="2025-12-16T12:11:10.8834770+01:00" endTime="2025-12-16T12:11:10.8834972+01:00" testType="13cdc9d9-ddb5-4fa4-a97d-d965ccfc6d4b" outcome="Passed" testListId="8c84fa94-04c1-424b-9868-57a2d4851a1d" relativeResultsDirectory="c9669dbb-3f94-4c91-9bd6-c1fd086be7d9" />
    <UnitTestResult executionId="0b5ff7eb-2747-4783-a8a5-2a557b5085c6" testId="d79ffeaf-d9eb-0938-c79b-6092fe05649a" testName="PostGresAPI.UnitTests.Repository.RoomRepositoryIntegrationTests.Add_CreatesBedroom" computerName="LAPTOP-G97K9LKJ" duration="00:00:00.0007666" startTime="2025-12-16T12:11:11.3423105+01:00" endTime="2025-12-16T12:11:11.3430449+01:00" testType="13cdc9d9-ddb5-4fa4-a97d-d965ccfc6d4b" outcome="Passed" testListId="8c84fa94-04c1-424b-9868-57a2d4851a1d" relativeResultsDirectory="0b5ff7eb-2747-4783-a8a5-2a557b5085c6" />
    <UnitTestResult executionId="9752495d-1f56-47b2-97b5-cea9bf14d7cd" testId="ba266ad5-a9e3-4fc6-a3d8-3fc8a4df5e69" testName="PostGresAPI.UnitTests.Repository.RoomRepositoryIntegrationTests.GetAll_ReturnsAllRooms" computerName="LAPTOP-G97K9LKJ" duration="00:00:00.0007150" startTime="2025-12-16T12:11:11.3431245+01:00" endTime="2025-12-16T12:11:11.3437998+01:00" testType="13cdc9d9-ddb5-4fa4-a97d-d965ccfc6d4b" outcome="Passed" testListId="8c84fa94-04c1-424b-9868-57a2d4851a1d" relativeResultsDirectory="9752495d-1f56-47b2-97b5-cea9bf14d7cd" />
    <UnitTestResult executionId="fb6bb8fa-d10f-4aa8-97a1-5e652cbd2bd3" testId="22c2001a-4242-b367-aaf9-39ee75762759" testName="PostGresAPI.UnitTests.Services.RoomServiceTests.Delete_ExistingRoom_ReturnsTrue" computerName="LAPTOP-G97K9LKJ" duration="00:00:00.0005652" startTime="2025-12-16T12:11:10.8840108+01:00" endTime="2025-12-16T12:11:10.8841885+01:00" testType="13cdc9d9-ddb5-4fa4-a97d-d965ccfc6d4b" outcome="Passed" testListId="8c84fa94-04c1-424b-9868-57a2d4851a1d" relativeResultsDirectory="fb6bb8fa-d10f-4aa8-97a1-5e652cbd2bd3" />
    <UnitTestResult executionId="9b3dfbb6-631d-47d3-a116-31c1c8b40025" testId="48537a7b-b261-53b6-aa6c-8089142073dc" testName="PostGresAPI.UnitTests.Services.BookingServiceTests.Create_RoomDoesNotExist_ReturnsError" computerName="LAPTOP-G97K9LKJ" duration="00:00:00.0004875" startTime="2025-12-16T12:11:10.8825739+01:00" endTime="2025-12-16T12:11:10.8826860+01:00" testType="13cdc9d9-ddb5-4fa4-a97d-d965ccfc6d4b" outcome="Passed" testListId="8c84fa94-04c1-424b-9868-57a2d4851a1d" relativeResultsDirectory="9b3dfbb6-631d-47d3-a116-31c1c8b40025" />
    <UnitTestResult executionId="00005236-3750-4ba3-bcc0-957016799cfb" testId="14ae8ece-246d-9eb1-a490-d52ff4783b1d" testName="PostGresAPI.UnitTests.Controllers.BookingsControllerTests.Login_InvalidCredentials_ReturnsUnauthorized" computerName="LAPTOP-G97K9LKJ" duration="00:00:00.0016319" startTime="2025-12-16T12:11:10.8808393+01:00" endTime="2025-12-16T12:11:10.8814954+01:00" testType="13cdc9d9-ddb5-4fa4-a97d-d965ccfc6d4b" outcome="Passed" testListId="8c84fa94-04c1-424b-9868-57a2d4851a1d" relativeResultsDirectory="00005236-3750-4ba3-bcc0-957016799cfb" />
    <UnitTestResult executionId="bff7a117-7b43-4c04-8ca8-07140ccbc66c" testId="39a375e6-a602-4076-c432-045b25993b82" testName="PostGresAPI.UnitTests.Repository.BookingRepositoryIntegrationTests.HasOverlap_WithOverlappingBooking_ReturnsTrue" computerName="LAPTOP-G97K9LKJ" duration="00:00:00.0021451" startTime="2025-12-16T12:11:11.3040039+01:00" endTime="2025-12-16T12:11:11.3061162+01:00" testType="13cdc9d9-ddb5-4fa4-a97d-d965ccfc6d4b" outcome="Passed" testListId="8c84fa94-04c1-424b-9868-57a2d4851a1d" relativeResultsDirectory="bff7a117-7b43-4c04-8ca8-07140ccbc66c" />
    <UnitTestResult executionId="3dbfb7d4-27b4-4a67-828a-54b017c210d7" testId="515f4f54-e889-a52a-bd33-f2a662491757" testName="PostGresAPI.UnitTests.Controllers.BookingsControllerTests.GetById_WithValidTokenAndAuthorizedBooking_ReturnsBooking" computerName="LAPTOP-G97K9LKJ" duration="00:00:00.0021300" startTime="2025-12-16T12:11:10.8832605+01:00" endTime="2025-12-16T12:11:10.8840288+01:00" testType="13cdc9d9-ddb5-4fa4-a97d-d965ccfc6d4b" outcome="Passed" testListId="8c84fa94-04c1-424b-9868-57a2d4851a1d" relativeResultsDirectory="3dbfb7d4-27b4-4a67-828a-54b017c210d7" />
    <UnitTestResult executionId="26bf704c-eb15-4acf-8b9d-fd82cce28c9c" testId="56c6037b-d838-64d7-2e4f-f735c537a377" testName="PostGresAPI.UnitTests.Repository.BookingRepositoryIntegrationTests.GetByBookingNumber_ReturnsCorrectBooking" computerName="LAPTOP-G97K9LKJ" duration="00:00:00.0060792" startTime="2025-12-16T12:11:11.3347612+01:00" endTime="2025-12-16T12:11:11.3405370+01:00" testType="13cdc9d9-ddb5-4fa4-a97d-d965ccfc6d4b" outcome="Passed" testListId="8c84fa94-04c1-424b-9868-57a2d4851a1d" relativeResultsDirectory="26bf704c-eb15-4acf-8b9d-fd82cce28c9c" />
    <UnitTestResult executionId="921dbc26-fc22-4657-8eb9-a8f7eb3262c9" testId="fe3de4db-7501-df2c-c37e-22e0d5a2482c" testName="PostGresAPI.UnitTests.Repository.BookingRepositoryIntegrationTests.UpdateStatus_UpdatesBookingStatus" computerName="LAPTOP-G97K9LKJ" duration="00:00:00.0071912" startTime="2025-12-16T12:11:11.2966869+01:00" endTime="2025-12-16T12:11:11.3038965+01:00" testType="13cdc9d9-ddb5-4fa4-a97d-d965ccfc6d4b" outcome="Passed" testListId="8c84fa94-04c1-424b-9868-57a2d4851a1d" relativeResultsDirectory="921dbc26-fc22-4657-8eb9-a8f7eb3262c9" />
    <UnitTestResult executionId="3891f04c-746d-4891-9f7d-a4b75e523fe4" testId="04f2934c-0357-81de-243f-a499611e4b7e" testName="PostGresAPI.UnitTests.Services.BookingServiceTests.UpdateStatus_InvalidStatus_ReturnsError" computerName="LAPTOP-G97K9LKJ" duration="00:00:00.0015293" startTime="2025-12-16T12:11:10.8834073+01:00" endTime="2025-12-16T12:11:10.8835651+01:00" testType="13cdc9d9-ddb5-4fa4-a97d-d965ccfc6d4b" outcome="Passed" testListId="8c84fa94-04c1-424b-9868-57a2d4851a1d" relativeResultsDirectory="3891f04c-746d-4891-9f7d-a4b75e523fe4" />
    <UnitTestResult executionId="642ff231-b94a-4c17-8f06-d5c1d0561ee1" testId="53470f37-1080-9bac-45de-7fec363f997d" testName="PostGresAPI.UnitTests.Repository.RoomRepositoryIntegrationTests.GetBedrooms_ReturnsOnlyBedrooms" computerName="LAPTOP-G97K9LKJ" duration="00:00:00.0074089" startTime="2025-12-16T12:11:11.3352542+01:00" endTime="2025-12-16T12:11:11.3422166+01:00" testType="13cdc9d9-ddb5-4fa4-a97d-d965ccfc6d4b" outcome="Passed" testListId="8c84fa94-04c1-424b-9868-57a2d4851a1d" relativeResultsDirectory="642ff231-b94a-4c17-8f06-d5c1d0561ee1" />
    <UnitTestResult executionId="c1c0c579-404b-4dc7-a444-d9a2fe97a546" testId="b3d1a69f-313c-220f-cf22-db9304add05a" testName="PostGresAPI.UnitTests.Controllers.BookingsControllerTests.GetAll_WithValidToken_ReturnsUserBookings" computerName="LAPTOP-G97K9LKJ" duration="00:00:00.0013465" startTime="2025-12-16T12:11:10.8844135+01:00" endTime="2025-12-16T12:11:10.8844345+01:00" testType="13cdc9d9-ddb5-4fa4-a97d-d965ccfc6d4b" outcome="Passed" testListId="8c84fa94-04c1-424b-9868-57a2d4851a1d" relativeResultsDirectory="c1c0c579-404b-4dc7-a444-d9a2fe97a546" />
    <UnitTestResult executionId="8535088b-5765-408d-bddc-3ead1cee157e" testId="3f868141-bf47-8c4b-302c-c6d13061fcc6" testName="PostGresAPI.UnitTests.Repository.BookingRepositoryIntegrationTests.GetByRoomId_ReturnsOnlyBookingsForThatRoom" computerName="LAPTOP-G97K9LKJ" duration="00:00:00.0320861" startTime="2025-12-16T12:11:11.2548674+01:00" endTime="2025-12-16T12:11:11.2866899+01:00" testType="13cdc9d9-ddb5-4fa4-a97d-d965ccfc6d4b" outcome="Passed" testListId="8c84fa94-04c1-424b-9868-57a2d4851a1d" relativeResultsDirectory="8535088b-5765-408d-bddc-3ead1cee157e" />
    <UnitTestResult executionId="ae3be45b-30cd-4452-a1c0-eb41570b87c6" testId="5f27e95c-fd3d-9b4b-c5be-68af7c4a49d0" testName="PostGresAPI.UnitTests.Services.RoomServiceTests.UpdateName_NonExistingRoom_ReturnsNull" computerName="LAPTOP-G97K9LKJ" duration="00:00:00.0008830" startTime="2025-12-16T12:11:10.8671671+01:00" endTime="2025-12-16T12:11:10.8692660+01:00" testType="13cdc9d9-ddb5-4fa4-a97d-d965ccfc6d4b" outcome="Passed" testListId="8c84fa94-04c1-424b-9868-57a2d4851a1d" relativeResultsDirectory="ae3be45b-30cd-4452-a1c0-eb41570b87c6" />
    <UnitTestResult executionId="05fdbe31-d707-42fe-8903-cfec8a210e39" testId="f2b133c0-7f7f-be4b-52b2-5ce6ba0cb700" testName="PostGresAPI.UnitTests.Controllers.BookingsControllerTests.GetAll_WithoutToken_ReturnsUnauthorized" computerName="LAPTOP-G97K9LKJ" duration="00:00:00.0680841" startTime="2025-12-16T12:11:10.7646096+01:00" endTime="2025-12-16T12:11:10.8385051+01:00" testType="13cdc9d9-ddb5-4fa4-a97d-d965ccfc6d4b" outcome="Passed" testListId="8c84fa94-04c1-424b-9868-57a2d4851a1d" relativeResultsDirectory="05fdbe31-d707-42fe-8903-cfec8a210e39" />
    <UnitTestResult executionId="ca4ef6fc-0e63-4c17-8a5b-1af69b25e903" testId="79cf7d23-268d-3071-9920-3e4a6f27d00f" testName="PostGresAPI.UnitTests.Repository.BookingRepositoryIntegrationTests.HasOverlap_WithoutOverlappingBooking_ReturnsFalse" computerName="LAPTOP-G97K9LKJ" duration="00:00:00.0010192" startTime="2025-12-16T12:11:11.3340005+01:00" endTime="2025-12-16T12:11:11.3344899+01:00" testType="13cdc9d9-ddb5-4fa4-a97d-d965ccfc6d4b" outcome="Passed" testListId="8c84fa94-04c1-424b-9868-57a2d4851a1d" relativeResultsDirectory="ca4ef6fc-0e63-4c17-8a5b-1af69b25e903" />
    <UnitTestResult executionId="45d3a416-a809-4175-bc83-c0167267dfbf" testId="9a061459-ae4e-2890-12fb-2e516a3b9cc7" testName="PostGresAPI.UnitTests.Repository.RoomRepositoryIntegrationTests.Exists_ExistingRoom_ReturnsTrue" computerName="LAPTOP-G97K9LKJ" duration="00:00:00.0040852" startTime="2025-12-16T12:11:11.3127384+01:00" endTime="2025-12-16T12:11:11.3130528+01:00" testType="13cdc9d9-ddb5-4fa4-a97d-d965ccfc6d4b" outcome="Passed" testListId="8c84fa94-04c1-424b-9868-57a2d4851a1d" relativeResultsDirectory="45d3a416-a809-4175-bc83-c0167267dfbf" />
    <UnitTestResult executionId="9334b55e-b7f5-4d84-83c8-3d82cb6d9b66" testId="31c5b639-03ea-77e2-2fc4-b070366303d9" testName="PostGresAPI.UnitTests.Services.RoomServiceTests.GetAll_FilterByBedroom_ReturnsOnlyBedrooms" computerName="LAPTOP-G97K9LKJ" duration="00:00:00.0007662" startTime="2025-12-16T12:11:10.8824946+01:00" endTime="2025-12-16T12:11:10.8825961+01:00" testType="13cdc9d9-ddb5-4fa4-a97d-d965ccfc6d4b" outcome="Passed" testListId="8c84fa94-04c1-424b-9868-57a2d4851a1d" relativeResultsDirectory="9334b55e-b7f5-4d84-83c8-3d82cb6d9b66" />
    <UnitTestResult executionId="ad1225e2-1cfc-4026-99c2-31a3665bdea1" testId="e2febfa0-0fcd-b00b-7857-694e81ab99b2" testName="PostGresAPI.UnitTests.Controllers.RoomsControllerTests.GetById_VariousIds_ReturnsCorrectRoom(roomId: 100)" computerName="LAPTOP-G97K9LKJ" duration="00:00:00.0019584" startTime="2025-12-16T12:11:10.8670718+01:00" endTime="2025-12-16T12:11:10.8673372+01:00" testType="13cdc9d9-ddb5-4fa4-a97d-d965ccfc6d4b" outcome="Passed" testListId="8c84fa94-04c1-424b-9868-57a2d4851a1d" relativeResultsDirectory="ad1225e2-1cfc-4026-99c2-31a3665bdea1" />
    <UnitTestResult executionId="030ac718-88a6-4a87-b3be-1177d5b5c224" testId="1f421168-6dc2-5f90-8b15-0fc358d5e27f" testName="PostGresAPI.UnitTests.Services.RoomServiceTests.UpdateImage_NonExistingRoom_ReturnsNull" computerName="LAPTOP-G97K9LKJ" duration="00:00:00.0003787" startTime="2025-12-16T12:11:10.8835441+01:00" endTime="2025-12-16T12:11:10.8836313+01:00" testType="13cdc9d9-ddb5-4fa4-a97d-d965ccfc6d4b" outcome="Passed" testListId="8c84fa94-04c1-424b-9868-57a2d4851a1d" relativeResultsDirectory="030ac718-88a6-4a87-b3be-1177d5b5c224" />
    <UnitTestResult executionId="89c6523e-30b0-4ab3-ba17-d1faaee9ddce" testId="6d11cba4-af3e-bfec-667b-e890c0564905" testName="PostGresAPI.UnitTests.Controllers.BookingsControllerTests.GetByRoomId_ValidRoomId_ReturnsBookings" computerName="LAPTOP-G97K9LKJ" duration="00:00:00.0005416" startTime="2025-12-16T12:11:10.8849799+01:00" endTime="2025-12-16T12:11:10.8850076+01:00" testType="13cdc9d9-ddb5-4fa4-a97d-d965ccfc6d4b" outcome="Passed" testListId="8c84fa94-04c1-424b-9868-57a2d4851a1d" relativeResultsDirectory="89c6523e-30b0-4ab3-ba17-d1faaee9ddce" />
    <UnitTestResult executionId="2f765dac-664f-4f00-bc37-64662c51fc31" testId="c3b84156-52e0-789b-8397-cdba6655695d" testName="PostGresAPI.UnitTests.Services.RoomServiceTests.CreateBedroom_ValidData_ReturnsCreatedRoom" computerName="LAPTOP-G97K9LKJ" duration="00:00:00.0010000" startTime="2025-12-16T12:11:10.8833292+01:00" endTime="2025-12-16T12:11:10.8834284+01:00" testType="13cdc9d9-ddb5-4fa4-a97d-d965ccfc6d4b" outcome="Passed" testListId="8c84fa94-04c1-424b-9868-57a2d4851a1d" relativeResultsDirectory="2f765dac-664f-4f00-bc37-64662c51fc31" />
    <UnitTestResult executionId="dc6cb2cb-5081-4c82-b85c-95c76bb039dc" testId="296486c9-ddaf-7020-2bf7-df89b314e9fd" testName="PostGresAPI.UnitTests.Controllers.BookingsControllerTests.GetByRoomId_NoBookings_ReturnsEmptyList" computerName="LAPTOP-G97K9LKJ" duration="00:00:00.0013774" startTime="2025-12-16T12:11:10.8798419+01:00" endTime="2025-12-16T12:11:10.8807876+01:00" testType="13cdc9d9-ddb5-4fa4-a97d-d965ccfc6d4b" outcome="Passed" testListId="8c84fa94-04c1-424b-9868-57a2d4851a1d" relativeResultsDirectory="dc6cb2cb-5081-4c82-b85c-95c76bb039dc" />
    <UnitTestResult executionId="ef903e6d-ba7a-431d-bf3f-922dbea14b5f" testId="ec6bcd0a-c063-179e-361b-ba8a250cc015" testName="PostGresAPI.UnitTests.Services.RoomServiceTests.GetById_ExistingRoom_ReturnsRoom" computerName="LAPTOP-G97K9LKJ" duration="00:00:00.0007605" startTime="2025-12-16T12:11:10.8668291+01:00" endTime="2025-12-16T12:11:10.8668737+01:00" testType="13cdc9d9-ddb5-4fa4-a97d-d965ccfc6d4b" outcome="Passed" testListId="8c84fa94-04c1-424b-9868-57a2d4851a1d" relativeResultsDirectory="ef903e6d-ba7a-431d-bf3f-922dbea14b5f" />
    <UnitTestResult executionId="fbc0b901-6c34-43c9-9b63-1700e1c42341" testId="b9df3e5f-d281-7acd-386c-43b9db88a8c6" testName="PostGresAPI.UnitTests.Repository.BookingRepositoryIntegrationTests.Delete_RemovesBooking" computerName="LAPTOP-G97K9LKJ" duration="00:00:00.0028275" startTime="2025-12-16T12:11:11.3406797+01:00" endTime="2025-12-16T12:11:11.3434074+01:00" testType="13cdc9d9-ddb5-4fa4-a97d-d965ccfc6d4b" outcome="Passed" testListId="8c84fa94-04c1-424b-9868-57a2d4851a1d" relativeResultsDirectory="fbc0b901-6c34-43c9-9b63-1700e1c42341" />
    <UnitTestResult executionId="0b855cb1-0b3f-4ac0-8241-9875fe89d858" testId="4a413286-efc4-be41-f67e-3fb9dc2de7f2" testName="PostGresAPI.UnitTests.Services.BookingServiceTests.Delete_NonExistingBooking_ReturnsError" computerName="LAPTOP-G97K9LKJ" duration="00:00:00.0003927" startTime="2025-12-16T12:11:10.8855314+01:00" endTime="2025-12-16T12:11:10.8855515+01:00" testType="13cdc9d9-ddb5-4fa4-a97d-d965ccfc6d4b" outcome="Passed" testListId="8c84fa94-04c1-424b-9868-57a2d4851a1d" relativeResultsDirectory="0b855cb1-0b3f-4ac0-8241-9875fe89d858" />
    <UnitTestResult executionId="5a1cff6b-684b-4d61-b428-965cd3a123f0" testId="b051dcf0-2b50-dd25-fe02-a23bd8ff5138" testName="PostGresAPI.UnitTests.Services.BookingServiceTests.GetBookingIdsByCredentials_EmptyCredentials_ReturnsEmpty" computerName="LAPTOP-G97K9LKJ" duration="00:00:00.0004890" startTime="2025-12-16T12:11:10.8841678+01:00" endTime="2025-12-16T12:11:10.8842628+01:00" testType="13cdc9d9-ddb5-4fa4-a97d-d965ccfc6d4b" outcome="Passed" testListId="8c84fa94-04c1-424b-9868-57a2d4851a1d" relativeResultsDirectory="5a1cff6b-684b-4d61-b428-965cd3a123f0" />
    <UnitTestResult executionId="df635d56-8d12-4e98-ad8c-0b90d980b8fa" testId="9fa9ab2d-9c02-0b2f-78fc-997f701b171a" testName="PostGresAPI.UnitTests.Services.BookingServiceTests.Update_BookingNotFound_ReturnsError" computerName="LAPTOP-G97K9LKJ" duration="00:00:00.0674323" startTime="2025-12-16T12:11:10.7637516+01:00" endTime="2025-12-16T12:11:10.8358353+01:00" testType="13cdc9d9-ddb5-4fa4-a97d-d965ccfc6d4b" outcome="Passed" testListId="8c84fa94-04c1-424b-9868-57a2d4851a1d" relativeResultsDirectory="df635d56-8d12-4e98-ad8c-0b90d980b8fa" />
    <UnitTestResult executionId="53af18af-b9dd-4eaa-9632-97fbc9d3c278" testId="9e9c8903-906b-56ab-f887-84465dd4edcc" testName="PostGresAPI.UnitTests.Repository.BookingRepositoryIntegrationTests.Add_CreatesNewBooking" computerName="LAPTOP-G97K9LKJ" duration="00:00:00.0077813" startTime="2025-12-16T12:11:11.3256084+01:00" endTime="2025-12-16T12:11:11.3332978+01:00" testType="13cdc9d9-ddb5-4fa4-a97d-d965ccfc6d4b" outcome="Passed" testListId="8c84fa94-04c1-424b-9868-57a2d4851a1d" relativeResultsDirectory="53af18af-b9dd-4eaa-9632-97fbc9d3c278" />
    <UnitTestResult executionId="490eae8b-7c4a-4a34-b49d-ea20ce695a78" testId="28eaa662-1843-19e6-66e5-fab136b6756e" testName="PostGresAPI.UnitTests.Controllers.BookingsControllerTests.Login_EmptyBookingIds_ReturnsUnauthorized" computerName="LAPTOP-G97K9LKJ" duration="00:00:00.0004960" startTime="2025-12-16T12:11:10.8844816+01:00" endTime="2025-12-16T12:11:10.8845699+01:00" testType="13cdc9d9-ddb5-4fa4-a97d-d965ccfc6d4b" outcome="Passed" testListId="8c84fa94-04c1-424b-9868-57a2d4851a1d" relativeResultsDirectory="490eae8b-7c4a-4a34-b49d-ea20ce695a78" />
    <UnitTestResult executionId="dc047885-73a7-4ab1-9567-c770738e496f" testId="0ced6614-d312-1a49-7eda-3c8b976af353" testName="PostGresAPI.UnitTests.Controllers.RoomsControllerTests.GetAll_FilterByMeetingroom_ReturnsOnlyMeetingrooms" computerName="LAPTOP-G97K9LKJ" duration="00:00:00.0008755" startTime="2025-12-16T12:11:10.8804860+01:00" endTime="2025-12-16T12:11:10.8806349+01:00" testType="13cdc9d9-ddb5-4fa4-a97d-d965ccfc6d4b" outcome="Passed" testListId="8c84fa94-04c1-424b-9868-57a2d4851a1d" relativeResultsDirectory="dc047885-73a7-4ab1-9567-c770738e496f" />
    <UnitTestResult executionId="c7f57975-c623-4fac-b12a-e23597253373" testId="33b0387f-7991-5330-c0aa-9c0899b2d861" testName="PostGresAPI.UnitTests.Controllers.BookingsControllerTests.Create_RoomNotFound_ReturnsBadRequest" computerName="LAPTOP-G97K9LKJ" duration="00:00:00.0010849" startTime="2025-12-16T12:11:10.8840958+01:00" endTime="2025-12-16T12:11:10.8843594+01:00" testType="13cdc9d9-ddb5-4fa4-a97d-d965ccfc6d4b" outcome="Passed" testListId="8c84fa94-04c1-424b-9868-57a2d4851a1d" relativeResultsDirectory="c7f57975-c623-4fac-b12a-e23597253373" />
    <UnitTestResult executionId="e9f3ebf4-7d8d-46d4-a2bb-b485f2ebeb24" testId="3a18dae7-f2c5-6231-4e54-9f1c23fc582f" testName="PostGresAPI.UnitTests.Repository.RoomRepositoryIntegrationTests.Add_CreatesMeetingroom" computerName="LAPTOP-G97K9LKJ" duration="00:00:00.0006435" startTime="2025-12-16T12:11:11.3255334+01:00" endTime="2025-12-16T12:11:11.3257669+01:00" testType="13cdc9d9-ddb5-4fa4-a97d-d965ccfc6d4b" outcome="Passed" testListId="8c84fa94-04c1-424b-9868-57a2d4851a1d" relativeResultsDirectory="e9f3ebf4-7d8d-46d4-a2bb-b485f2ebeb24" />
    <UnitTestResult executionId="95767985-d17a-457e-9330-fd86e4527c30" testId="11555f12-6382-1cf5-68ac-f8390ac45215" testName="PostGresAPI.UnitTests.Services.RoomServiceTests.CreateMeetingroom_ValidData_ReturnsCreatedRoom" computerName="LAPTOP-G97K9LKJ" duration="00:00:00.0023164" startTime="2025-12-16T12:11:10.8669632+01:00" endTime="2025-12-16T12:11:10.8671025+01:00" testType="13cdc9d9-ddb5-4fa4-a97d-d965ccfc6d4b" outcome="Passed" testListId="8c84fa94-04c1-424b-9868-57a2d4851a1d" relativeResultsDirectory="95767985-d17a-457e-9330-fd86e4527c30" />
    <UnitTestResult executionId="cb5d0c5a-9318-4eea-b78b-94a40aac1985" testId="6af4764a-aa07-74b8-4433-6dbfca73037b" testName="PostGresAPI.UnitTests.Services.BookingServiceTests.Update_ValidBooking_ReturnsSuccess" computerName="LAPTOP-G97K9LKJ" duration="00:00:00.0026704" startTime="2025-12-16T12:11:10.8852146+01:00" endTime="2025-12-16T12:11:10.8853745+01:00" testType="13cdc9d9-ddb5-4fa4-a97d-d965ccfc6d4b" outcome="Passed" testListId="8c84fa94-04c1-424b-9868-57a2d4851a1d" relativeResultsDirectory="cb5d0c5a-9318-4eea-b78b-94a40aac1985" />
  </Results>
  <TestDefinitions>
    <UnitTest name="PostGresAPI.UnitTests.Controllers.RoomsControllerTests.GetAll_FilterByBedroom_ReturnsOnlyBedrooms" storage="c:\postgresapi_project\postgresapi_project\postgresapi.unittests\bin\debug\net8.0\postgresapi.unittests.dll" id="a3be5d6a-6922-afba-1d7b-d1762655e136">
      <Execution id="9ba163b5-b2ca-4b74-b07b-875b279847fd" />
      <TestMethod codeBase="C:\PostGresAPI_Project\PostGresAPI_Project\PostGresAPI.UnitTests\bin\Debug\net8.0\PostGresAPI.UnitTests.dll" adapterTypeName="executor://xunit/VsTestRunner3/netcore/" className="PostGresAPI.UnitTests.Controllers.RoomsControllerTests" name="GetAll_FilterByBedroom_ReturnsOnlyBedrooms" />
    </UnitTest>
    <UnitTest name="PostGresAPI.UnitTests.Controllers.RoomsControllerTests.GetById_VariousIds_ReturnsCorrectRoom(roomId: 5)" storage="c:\postgresapi_project\postgresapi_project\postgresapi.unittests\bin\debug\net8.0\postgresapi.unittests.dll" id="c750b36a-d377-f9b6-f82c-bbf26039b1be">
      <Execution id="37df906f-04db-4e62-b60a-0456f76b5dbc" />
      <TestMethod codeBase="C:\PostGresAPI_Project\PostGresAPI_Project\PostGresAPI.UnitTests\bin\Debug\net8.0\PostGresAPI.UnitTests.dll" adapterTypeName="executor://xunit/VsTestRunner3/netcore/" className="PostGresAPI.UnitTests.Controllers.RoomsControllerTests" name="GetById_VariousIds_ReturnsCorrectRoom" />
    </UnitTest>
    <UnitTest name="PostGresAPI.UnitTests.Controllers.BookingsControllerTests.Delete_WithValidTokenAndAuthorizedBooking_ReturnsNoContent" storage="c:\postgresapi_project\postgresapi_project\postgresapi.unittests\bin\debug\net8.0\postgresapi.unittests.dll" id="337b1243-48c7-e0eb-9e3f-d90b78676f4b">
      <Execution id="1ec6da5c-a2a3-49ed-921f-b62cc7d0357c" />
      <TestMethod codeBase="C:\PostGresAPI_Project\PostGresAPI_Project\PostGresAPI.UnitTests\bin\Debug\net8.0\PostGresAPI.UnitTests.dll" adapterTypeName="executor://xunit/VsTestRunner3/netcore/" className="PostGresAPI.UnitTests.Controllers.BookingsControllerTests" name="Delete_WithValidTokenAndAuthorizedBooking_ReturnsNoContent" />
    </UnitTest>
    <UnitTest name="PostGresAPI.UnitTests.Repository.RoomRepositoryIntegrationTests.Delete_NonExistingRoom_ReturnsFalse" storage="c:\postgresapi_project\postgresapi_project\postgresapi.unittests\bin\debug\net8.0\postgresapi.unittests.dll" id="99bfd316-e1e1-05ce-5eb6-afa6758c5b90">
      <Execution id="9c3e79fe-db4c-4cc3-8809-15c462771988" />
      <TestMethod codeBase="C:\PostGresAPI_Project\PostGresAPI_Project\PostGresAPI.UnitTests\bin\Debug\net8.0\PostGresAPI.UnitTests.dll" adapterTypeName="executor://xunit/VsTestRunner3/netcore/" className="PostGresAPI.UnitTests.Repository.RoomRepositoryIntegrationTests" name="Delete_NonExistingRoom_ReturnsFalse" />
    </UnitTest>
    <UnitTest name="PostGresAPI.UnitTests.Controllers.RoomsControllerTests.GetAll_FilterByMeetingroom_ReturnsOnlyMeetingrooms" storage="c:\postgresapi_project\postgresapi_project\postgresapi.unittests\bin\debug\net8.0\postgresapi.unittests.dll" id="0ced6614-d312-1a49-7eda-3c8b976af353">
      <Execution id="dc047885-73a7-4ab1-9567-c770738e496f" />
      <TestMethod codeBase="C:\PostGresAPI_Project\PostGresAPI_Project\PostGresAPI.UnitTests\bin\Debug\net8.0\PostGresAPI.UnitTests.dll" adapterTypeName="executor://xunit/VsTestRunner3/netcore/" className="PostGresAPI.UnitTests.Controllers.RoomsControllerTests" name="GetAll_FilterByMeetingroom_ReturnsOnlyMeetingrooms" />
    </UnitTest>
    <UnitTest name="PostGresAPI.UnitTests.Services.BookingServiceTests.GetBookingIdsByCredentials_InvalidBookingNumber_ReturnsEmpty" storage="c:\postgresapi_project\postgresapi_project\postgresapi.unittests\bin\debug\net8.0\postgresapi.unittests.dll" id="2bee7e11-3c16-f275-6adc-c5e2d84c5ee4">
      <Execution id="26d88332-b719-4cc2-b030-ce1b23f30a17" />
      <TestMethod codeBase="C:\PostGresAPI_Project\PostGresAPI_Project\PostGresAPI.UnitTests\bin\Debug\net8.0\PostGresAPI.UnitTests.dll" adapterTypeName="executor://xunit/VsTestRunner3/netcore/" className="PostGresAPI.UnitTests.Services.BookingServiceTests" name="GetBookingIdsByCredentials_InvalidBookingNumber_ReturnsEmpty" />
    </UnitTest>
    <UnitTest name="PostGresAPI.UnitTests.Controllers.BookingsControllerTests.Login_EmptyBookingIds_ReturnsUnauthorized" storage="c:\postgresapi_project\postgresapi_project\postgresapi.unittests\bin\debug\net8.0\postgresapi.unittests.dll" id="28eaa662-1843-19e6-66e5-fab136b6756e">
      <Execution id="490eae8b-7c4a-4a34-b49d-ea20ce695a78" />
      <TestMethod codeBase="C:\PostGresAPI_Project\PostGresAPI_Project\PostGresAPI.UnitTests\bin\Debug\net8.0\PostGresAPI.UnitTests.dll" adapterTypeName="executor://xunit/VsTestRunner3/netcore/" className="PostGresAPI.UnitTests.Controllers.BookingsControllerTests" name="Login_EmptyBookingIds_ReturnsUnauthorized" />
    </UnitTest>
    <UnitTest name="PostGresAPI.UnitTests.Services.BookingServiceTests.UpdateStatus_ValidStatus_ReturnsSuccess" storage="c:\postgresapi_project\postgresapi_project\postgresapi.unittests\bin\debug\net8.0\postgresapi.unittests.dll" id="9eb5e2a7-b2ca-e4dd-ed7d-87eb9b5ea0fa">
      <Execution id="5f648b02-8994-4593-b36a-2533b54126c9" />
      <TestMethod codeBase="C:\PostGresAPI_Project\PostGresAPI_Project\PostGresAPI.UnitTests\bin\Debug\net8.0\PostGresAPI.UnitTests.dll" adapterTypeName="executor://xunit/VsTestRunner3/netcore/" className="PostGresAPI.UnitTests.Services.BookingServiceTests" name="UpdateStatus_ValidStatus_ReturnsSuccess" />
    </UnitTest>
    <UnitTest name="PostGresAPI.UnitTests.Repository.RoomRepositoryIntegrationTests.GetAll_ReturnsSortedById" storage="c:\postgresapi_project\postgresapi_project\postgresapi.unittests\bin\debug\net8.0\postgresapi.unittests.dll" id="703cddda-63e9-1cad-ed42-46311393db51">
      <Execution id="928ae2e0-efb0-41fd-9698-899c6e9eeef8" />
      <TestMethod codeBase="C:\PostGresAPI_Project\PostGresAPI_Project\PostGresAPI.UnitTests\bin\Debug\net8.0\PostGresAPI.UnitTests.dll" adapterTypeName="executor://xunit/VsTestRunner3/netcore/" className="PostGresAPI.UnitTests.Repository.RoomRepositoryIntegrationTests" name="GetAll_ReturnsSortedById" />
    </UnitTest>
    <UnitTest name="PostGresAPI.UnitTests.Controllers.BookingsControllerTests.Login_InvalidCredentials_ReturnsUnauthorized" storage="c:\postgresapi_project\postgresapi_project\postgresapi.unittests\bin\debug\net8.0\postgresapi.unittests.dll" id="14ae8ece-246d-9eb1-a490-d52ff4783b1d">
      <Execution id="00005236-3750-4ba3-bcc0-957016799cfb" />
      <TestMethod codeBase="C:\PostGresAPI_Project\PostGresAPI_Project\PostGresAPI.UnitTests\bin\Debug\net8.0\PostGresAPI.UnitTests.dll" adapterTypeName="executor://xunit/VsTestRunner3/netcore/" className="PostGresAPI.UnitTests.Controllers.BookingsControllerTests" name="Login_InvalidCredentials_ReturnsUnauthorized" />
    </UnitTest>
    <UnitTest name="PostGresAPI.UnitTests.Repository.RoomRepositoryIntegrationTests.GetAll_ReturnsAllRooms" storage="c:\postgresapi_project\postgresapi_project\postgresapi.unittests\bin\debug\net8.0\postgresapi.unittests.dll" id="ba266ad5-a9e3-4fc6-a3d8-3fc8a4df5e69">
      <Execution id="9752495d-1f56-47b2-97b5-cea9bf14d7cd" />
      <TestMethod codeBase="C:\PostGresAPI_Project\PostGresAPI_Project\PostGresAPI.UnitTests\bin\Debug\net8.0\PostGresAPI.UnitTests.dll" adapterTypeName="executor://xunit/VsTestRunner3/netcore/" className="PostGresAPI.UnitTests.Repository.RoomRepositoryIntegrationTests" name="GetAll_ReturnsAllRooms" />
    </UnitTest>
    <UnitTest name="PostGresAPI.UnitTests.Repository.BookingRepositoryIntegrationTests.HasOverlap_WithOverlappingBooking_ReturnsTrue" storage="c:\postgresapi_project\postgresapi_project\postgresapi.unittests\bin\debug\net8.0\postgresapi.unittests.dll" id="39a375e6-a602-4076-c432-045b25993b82">
      <Execution id="bff7a117-7b43-4c04-8ca8-07140ccbc66c" />
      <TestMethod codeBase="C:\PostGresAPI_Project\PostGresAPI_Project\PostGresAPI.UnitTests\bin\Debug\net8.0\PostGresAPI.UnitTests.dll" adapterTypeName="executor://xunit/VsTestRunner3/netcore/" className="PostGresAPI.UnitTests.Repository.BookingRepositoryIntegrationTests" name="HasOverlap_WithOverlappingBooking_ReturnsTrue" />
    </UnitTest>
    <UnitTest name="PostGresAPI.UnitTests.Repository.RoomRepositoryIntegrationTests.Delete_RemovesRoom" storage="c:\postgresapi_project\postgresapi_project\postgresapi.unittests\bin\debug\net8.0\postgresapi.unittests.dll" id="99372099-44b7-faf6-c261-b84463f13f27">
      <Execution id="50a4d0a2-675f-416d-b42f-cd0b6d2c6c04" />
      <TestMethod codeBase="C:\PostGresAPI_Project\PostGresAPI_Project\PostGresAPI.UnitTests\bin\Debug\net8.0\PostGresAPI.UnitTests.dll" adapterTypeName="executor://xunit/VsTestRunner3/netcore/" className="PostGresAPI.UnitTests.Repository.RoomRepositoryIntegrationTests" name="Delete_RemovesRoom" />
    </UnitTest>
    <UnitTest name="PostGresAPI.UnitTests.Services.BookingServiceTests.IsActive_BookingAlreadyEnded_ReturnsFalse" storage="c:\postgresapi_project\postgresapi_project\postgresapi.unittests\bin\debug\net8.0\postgresapi.unittests.dll" id="e3527960-8891-eda2-0c2f-2aaae9cd4bc5">
      <Execution id="eb347ed7-8b45-474c-abe0-875be1721d19" />
      <TestMethod codeBase="C:\PostGresAPI_Project\PostGresAPI_Project\PostGresAPI.UnitTests\bin\Debug\net8.0\PostGresAPI.UnitTests.dll" adapterTypeName="executor://xunit/VsTestRunner3/netcore/" className="PostGresAPI.UnitTests.Services.BookingServiceTests" name="IsActive_BookingAlreadyEnded_ReturnsFalse" />
    </UnitTest>
    <UnitTest name="PostGresAPI.UnitTests.Services.BookingServiceTests.Create_StartAfterEnd_ReturnsError" storage="c:\postgresapi_project\postgresapi_project\postgresapi.unittests\bin\debug\net8.0\postgresapi.unittests.dll" id="c8b0a136-316f-dbbb-9892-34cdf745d352">
      <Execution id="73661bc5-acd7-4516-9c23-a78e459c2050" />
      <TestMethod codeBase="C:\PostGresAPI_Project\PostGresAPI_Project\PostGresAPI.UnitTests\bin\Debug\net8.0\PostGresAPI.UnitTests.dll" adapterTypeName="executor://xunit/VsTestRunner3/netcore/" className="PostGresAPI.UnitTests.Services.BookingServiceTests" name="Create_StartAfterEnd_ReturnsError" />
    </UnitTest>
    <UnitTest name="PostGresAPI.UnitTests.Controllers.RoomsControllerTests.GetById_VariousIds_ReturnsCorrectRoom(roomId: 100)" storage="c:\postgresapi_project\postgresapi_project\postgresapi.unittests\bin\debug\net8.0\postgresapi.unittests.dll" id="e2febfa0-0fcd-b00b-7857-694e81ab99b2">
      <Execution id="ad1225e2-1cfc-4026-99c2-31a3665bdea1" />
      <TestMethod codeBase="C:\PostGresAPI_Project\PostGresAPI_Project\PostGresAPI.UnitTests\bin\Debug\net8.0\PostGresAPI.UnitTests.dll" adapterTypeName="executor://xunit/VsTestRunner3/netcore/" className="PostGresAPI.UnitTests.Controllers.RoomsControllerTests" name="GetById_VariousIds_ReturnsCorrectRoom" />
    </UnitTest>
    <UnitTest name="PostGresAPI.UnitTests.Repository.BookingRepositoryIntegrationTests.Delete_NonExistingBooking_ReturnsFalse" storage="c:\postgresapi_project\postgresapi_project\postgresapi.unittests\bin\debug\net8.0\postgresapi.unittests.dll" id="b1f730d7-61b2-2866-843d-5d425b1f0304">
      <Execution id="288fac87-55dd-4a14-8e19-4d308741f0b3" />
      <TestMethod codeBase="C:\PostGresAPI_Project\PostGresAPI_Project\PostGresAPI.UnitTests\bin\Debug\net8.0\PostGresAPI.UnitTests.dll" adapterTypeName="executor://xunit/VsTestRunner3/netcore/" className="PostGresAPI.UnitTests.Repository.BookingRepositoryIntegrationTests" name="Delete_NonExistingBooking_ReturnsFalse" />
    </UnitTest>
    <UnitTest name="PostGresAPI.UnitTests.Services.RoomServiceTests.Delete_ExistingRoom_ReturnsTrue" storage="c:\postgresapi_project\postgresapi_project\postgresapi.unittests\bin\debug\net8.0\postgresapi.unittests.dll" id="22c2001a-4242-b367-aaf9-39ee75762759">
      <Execution id="fb6bb8fa-d10f-4aa8-97a1-5e652cbd2bd3" />
      <TestMethod codeBase="C:\PostGresAPI_Project\PostGresAPI_Project\PostGresAPI.UnitTests\bin\Debug\net8.0\PostGresAPI.UnitTests.dll" adapterTypeName="executor://xunit/VsTestRunner3/netcore/" className="PostGresAPI.UnitTests.Services.RoomServiceTests" name="Delete_ExistingRoom_ReturnsTrue" />
    </UnitTest>
    <UnitTest name="PostGresAPI.UnitTests.Services.RoomServiceTests.GetById_NonExistingRoom_ReturnsNull" storage="c:\postgresapi_project\postgresapi_project\postgresapi.unittests\bin\debug\net8.0\postgresapi.unittests.dll" id="a6f83813-1ab9-e891-9beb-0f7cfea47c07">
      <Execution id="97c7f9a4-423e-4dad-98ac-9eaa9d2169a0" />
      <TestMethod codeBase="C:\PostGresAPI_Project\PostGresAPI_Project\PostGresAPI.UnitTests\bin\Debug\net8.0\PostGresAPI.UnitTests.dll" adapterTypeName="executor://xunit/VsTestRunner3/netcore/" className="PostGresAPI.UnitTests.Services.RoomServiceTests" name="GetById_NonExistingRoom_ReturnsNull" />
    </UnitTest>
    <UnitTest name="PostGresAPI.UnitTests.Services.RoomServiceTests.GetById_ExistingRoom_ReturnsRoom" storage="c:\postgresapi_project\postgresapi_project\postgresapi.unittests\bin\debug\net8.0\postgresapi.unittests.dll" id="ec6bcd0a-c063-179e-361b-ba8a250cc015">
      <Execution id="ef903e6d-ba7a-431d-bf3f-922dbea14b5f" />
      <TestMethod codeBase="C:\PostGresAPI_Project\PostGresAPI_Project\PostGresAPI.UnitTests\bin\Debug\net8.0\PostGresAPI.UnitTests.dll" adapterTypeName="executor://xunit/VsTestRunner3/netcore/" className="PostGresAPI.UnitTests.Services.RoomServiceTests" name="GetById_ExistingRoom_ReturnsRoom" />
    </UnitTest>
    <UnitTest name="PostGresAPI.UnitTests.Services.BookingServiceTests.UpdateStatus_InvalidStatus_ReturnsError" storage="c:\postgresapi_project\postgresapi_project\postgresapi.unittests\bin\debug\net8.0\postgresapi.unittests.dll" id="04f2934c-0357-81de-243f-a499611e4b7e">
      <Execution id="3891f04c-746d-4891-9f7d-a4b75e523fe4" />
      <TestMethod codeBase="C:\PostGresAPI_Project\PostGresAPI_Project\PostGresAPI.UnitTests\bin\Debug\net8.0\PostGresAPI.UnitTests.dll" adapterTypeName="executor://xunit/VsTestRunner3/netcore/" className="PostGresAPI.UnitTests.Services.BookingServiceTests" name="UpdateStatus_InvalidStatus_ReturnsError" />
    </UnitTest>
    <UnitTest name="PostGresAPI.UnitTests.Repository.BookingRepositoryIntegrationTests.HasOverlap_WithExcludeBookingId_IgnoresExcludedBooking" storage="c:\postgresapi_project\postgresapi_project\postgresapi.unittests\bin\debug\net8.0\postgresapi.unittests.dll" id="0596b27d-dd49-43f2-a352-11522aa70b7f">
      <Execution id="ba49aa9b-f631-4618-9d94-ae2c403c26b9" />
      <TestMethod codeBase="C:\PostGresAPI_Project\PostGresAPI_Project\PostGresAPI.UnitTests\bin\Debug\net8.0\PostGresAPI.UnitTests.dll" adapterTypeName="executor://xunit/VsTestRunner3/netcore/" className="PostGresAPI.UnitTests.Repository.BookingRepositoryIntegrationTests" name="HasOverlap_WithExcludeBookingId_IgnoresExcludedBooking" />
    </UnitTest>
    <UnitTest name="PostGresAPI.UnitTests.Controllers.RoomsControllerTests.GetAll_EmptyDatabase_ReturnsEmptyList" storage="c:\postgresapi_project\postgresapi_project\postgresapi.unittests\bin\debug\net8.0\postgresapi.unittests.dll" id="10db802f-4f20-5521-aa9b-f4d42da7faf7">
      <Execution id="c8180895-9515-4d11-92d3-150522871914" />
      <TestMethod codeBase="C:\PostGresAPI_Project\PostGresAPI_Project\PostGresAPI.UnitTests\bin\Debug\net8.0\PostGresAPI.UnitTests.dll" adapterTypeName="executor://xunit/VsTestRunner3/netcore/" className="PostGresAPI.UnitTests.Controllers.RoomsControllerTests" name="GetAll_EmptyDatabase_ReturnsEmptyList" />
    </UnitTest>
    <UnitTest name="PostGresAPI.UnitTests.Controllers.BookingsControllerTests.GetAll_WithoutToken_ReturnsUnauthorized" storage="c:\postgresapi_project\postgresapi_project\postgresapi.unittests\bin\debug\net8.0\postgresapi.unittests.dll" id="f2b133c0-7f7f-be4b-52b2-5ce6ba0cb700">
      <Execution id="05fdbe31-d707-42fe-8903-cfec8a210e39" />
      <TestMethod codeBase="C:\PostGresAPI_Project\PostGresAPI_Project\PostGresAPI.UnitTests\bin\Debug\net8.0\PostGresAPI.UnitTests.dll" adapterTypeName="executor://xunit/VsTestRunner3/netcore/" className="PostGresAPI.UnitTests.Controllers.BookingsControllerTests" name="GetAll_WithoutToken_ReturnsUnauthorized" />
    </UnitTest>
    <UnitTest name="PostGresAPI.UnitTests.Repository.BookingRepositoryIntegrationTests.GetAll_ReturnsSortedByStartTime" storage="c:\postgresapi_project\postgresapi_project\postgresapi.unittests\bin\debug\net8.0\postgresapi.unittests.dll" id="e496f30e-c401-2703-3139-6d0b898e97b4">
      <Execution id="7afd9d59-0415-4e58-b107-4e3a4d35f3cd" />
      <TestMethod codeBase="C:\PostGresAPI_Project\PostGresAPI_Project\PostGresAPI.UnitTests\bin\Debug\net8.0\PostGresAPI.UnitTests.dll" adapterTypeName="executor://xunit/VsTestRunner3/netcore/" className="PostGresAPI.UnitTests.Repository.BookingRepositoryIntegrationTests" name="GetAll_ReturnsSortedByStartTime" />
    </UnitTest>
    <UnitTest name="PostGresAPI.UnitTests.Controllers.RoomsControllerTests.GetAll_NoFilter_ReturnsAllRooms" storage="c:\postgresapi_project\postgresapi_project\postgresapi.unittests\bin\debug\net8.0\postgresapi.unittests.dll" id="08c7b923-27c1-6426-6a35-c4b103a9e1a8">
      <Execution id="c6557663-de03-4fe4-af46-0cc87a434d5a" />
      <TestMethod codeBase="C:\PostGresAPI_Project\PostGresAPI_Project\PostGresAPI.UnitTests\bin\Debug\net8.0\PostGresAPI.UnitTests.dll" adapterTypeName="executor://xunit/VsTestRunner3/netcore/" className="PostGresAPI.UnitTests.Controllers.RoomsControllerTests" name="GetAll_NoFilter_ReturnsAllRooms" />
    </UnitTest>
    <UnitTest name="PostGresAPI.UnitTests.Services.RoomServiceTests.Delete_NonExistingRoom_ReturnsFalse" storage="c:\postgresapi_project\postgresapi_project\postgresapi.unittests\bin\debug\net8.0\postgresapi.unittests.dll" id="f7d4026e-94d4-c4cd-0277-1f8abb718943">
      <Execution id="aafea8e4-0e7d-4ddb-a229-5088382d0c5f" />
      <TestMethod codeBase="C:\PostGresAPI_Project\PostGresAPI_Project\PostGresAPI.UnitTests\bin\Debug\net8.0\PostGresAPI.UnitTests.dll" adapterTypeName="executor://xunit/VsTestRunner3/netcore/" className="PostGresAPI.UnitTests.Services.RoomServiceTests" name="Delete_NonExistingRoom_ReturnsFalse" />
    </UnitTest>
    <UnitTest name="PostGresAPI.UnitTests.Services.BookingServiceTests.IsActive_BookingIsActive_ReturnsTrue" storage="c:\postgresapi_project\postgresapi_project\postgresapi.unittests\bin\debug\net8.0\postgresapi.unittests.dll" id="3a543a37-9a14-3ef0-bca0-275e26e68dab">
      <Execution id="e60e8d9e-b576-47d6-8c71-a27c3309879a" />
      <TestMethod codeBase="C:\PostGresAPI_Project\PostGresAPI_Project\PostGresAPI.UnitTests\bin\Debug\net8.0\PostGresAPI.UnitTests.dll" adapterTypeName="executor://xunit/VsTestRunner3/netcore/" className="PostGresAPI.UnitTests.Services.BookingServiceTests" name="IsActive_BookingIsActive_ReturnsTrue" />
    </UnitTest>
    <UnitTest name="PostGresAPI.UnitTests.Services.RoomServiceTests.CreateBedroom_ValidData_ReturnsCreatedRoom" storage="c:\postgresapi_project\postgresapi_project\postgresapi.unittests\bin\debug\net8.0\postgresapi.unittests.dll" id="c3b84156-52e0-789b-8397-cdba6655695d">
      <Execution id="2f765dac-664f-4f00-bc37-64662c51fc31" />
      <TestMethod codeBase="C:\PostGresAPI_Project\PostGresAPI_Project\PostGresAPI.UnitTests\bin\Debug\net8.0\PostGresAPI.UnitTests.dll" adapterTypeName="executor://xunit/VsTestRunner3/netcore/" className="PostGresAPI.UnitTests.Services.RoomServiceTests" name="CreateBedroom_ValidData_ReturnsCreatedRoom" />
    </UnitTest>
    <UnitTest name="PostGresAPI.UnitTests.Controllers.BookingsControllerTests.Login_ValidCredentials_ReturnsToken" storage="c:\postgresapi_project\postgresapi_project\postgresapi.unittests\bin\debug\net8.0\postgresapi.unittests.dll" id="eb20ebca-4287-43a1-2870-7165a2417d23">
      <Execution id="4f01d837-c9a7-4563-85e6-ca7f5d9b449b" />
      <TestMethod codeBase="C:\PostGresAPI_Project\PostGresAPI_Project\PostGresAPI.UnitTests\bin\Debug\net8.0\PostGresAPI.UnitTests.dll" adapterTypeName="executor://xunit/VsTestRunner3/netcore/" className="PostGresAPI.UnitTests.Controllers.BookingsControllerTests" name="Login_ValidCredentials_ReturnsToken" />
    </UnitTest>
    <UnitTest name="PostGresAPI.UnitTests.Services.BookingServiceTests.Delete_NonExistingBooking_ReturnsError" storage="c:\postgresapi_project\postgresapi_project\postgresapi.unittests\bin\debug\net8.0\postgresapi.unittests.dll" id="4a413286-efc4-be41-f67e-3fb9dc2de7f2">
      <Execution id="0b855cb1-0b3f-4ac0-8241-9875fe89d858" />
      <TestMethod codeBase="C:\PostGresAPI_Project\PostGresAPI_Project\PostGresAPI.UnitTests\bin\Debug\net8.0\PostGresAPI.UnitTests.dll" adapterTypeName="executor://xunit/VsTestRunner3/netcore/" className="PostGresAPI.UnitTests.Services.BookingServiceTests" name="Delete_NonExistingBooking_ReturnsError" />
    </UnitTest>
    <UnitTest name="PostGresAPI.UnitTests.Repository.BookingRepositoryIntegrationTests.HasOverlap_WithoutOverlappingBooking_ReturnsFalse" storage="c:\postgresapi_project\postgresapi_project\postgresapi.unittests\bin\debug\net8.0\postgresapi.unittests.dll" id="79cf7d23-268d-3071-9920-3e4a6f27d00f">
      <Execution id="ca4ef6fc-0e63-4c17-8a5b-1af69b25e903" />
      <TestMethod codeBase="C:\PostGresAPI_Project\PostGresAPI_Project\PostGresAPI.UnitTests\bin\Debug\net8.0\PostGresAPI.UnitTests.dll" adapterTypeName="executor://xunit/VsTestRunner3/netcore/" className="PostGresAPI.UnitTests.Repository.BookingRepositoryIntegrationTests" name="HasOverlap_WithoutOverlappingBooking_ReturnsFalse" />
    </UnitTest>
    <UnitTest name="PostGresAPI.UnitTests.Services.BookingServiceTests.UpdateStatus_BookingNotFound_ReturnsError" storage="c:\postgresapi_project\postgresapi_project\postgresapi.unittests\bin\debug\net8.0\postgresapi.unittests.dll" id="01f78433-6b84-3fa8-4b37-a73ecf95ba71">
      <Execution id="ac8beb81-026c-4048-8fac-254b058242c7" />
      <TestMethod codeBase="C:\PostGresAPI_Project\PostGresAPI_Project\PostGresAPI.UnitTests\bin\Debug\net8.0\PostGresAPI.UnitTests.dll" adapterTypeName="executor://xunit/VsTestRunner3/netcore/" className="PostGresAPI.UnitTests.Services.BookingServiceTests" name="UpdateStatus_BookingNotFound_ReturnsError" />
    </UnitTest>
    <UnitTest name="PostGresAPI.UnitTests.Services.RoomServiceTests.GetAll_FilterByBedroom_ReturnsOnlyBedrooms" storage="c:\postgresapi_project\postgresapi_project\postgresapi.unittests\bin\debug\net8.0\postgresapi.unittests.dll" id="31c5b639-03ea-77e2-2fc4-b070366303d9">
      <Execution id="9334b55e-b7f5-4d84-83c8-3d82cb6d9b66" />
      <TestMethod codeBase="C:\PostGresAPI_Project\PostGresAPI_Project\PostGresAPI.UnitTests\bin\Debug\net8.0\PostGresAPI.UnitTests.dll" adapterTypeName="executor://xunit/VsTestRunner3/netcore/" className="PostGresAPI.UnitTests.Services.RoomServiceTests" name="GetAll_FilterByBedroom_ReturnsOnlyBedrooms" />
    </UnitTest>
    <UnitTest name="PostGresAPI.UnitTests.Repository.RoomRepositoryIntegrationTests.GetById_ExistingRoom_ReturnsRoom" storage="c:\postgresapi_project\postgresapi_project\postgresapi.unittests\bin\debug\net8.0\postgresapi.unittests.dll" id="19512e57-2cd9-648a-4551-bc96afde9105">
      <Execution id="0a270f87-47e6-4fd5-80d8-490ceb51515e" />
      <TestMethod codeBase="C:\PostGresAPI_Project\PostGresAPI_Project\PostGresAPI.UnitTests\bin\Debug\net8.0\PostGresAPI.UnitTests.dll" adapterTypeName="executor://xunit/VsTestRunner3/netcore/" className="PostGresAPI.UnitTests.Repository.RoomRepositoryIntegrationTests" name="GetById_ExistingRoom_ReturnsRoom" />
    </UnitTest>
    <UnitTest name="PostGresAPI.UnitTests.Services.RoomServiceTests.CreateMeetingroom_WithoutImage_CreatesSuccessfully" storage="c:\postgresapi_project\postgresapi_project\postgresapi.unittests\bin\debug\net8.0\postgresapi.unittests.dll" id="dd269b15-2520-8307-02a6-46f234ca4151">
      <Execution id="1f2acca5-7cc0-47e4-acf0-484df1a043a1" />
      <TestMethod codeBase="C:\PostGresAPI_Project\PostGresAPI_Project\PostGresAPI.UnitTests\bin\Debug\net8.0\PostGresAPI.UnitTests.dll" adapterTypeName="executor://xunit/VsTestRunner3/netcore/" className="PostGresAPI.UnitTests.Services.RoomServiceTests" name="CreateMeetingroom_WithoutImage_CreatesSuccessfully" />
    </UnitTest>
    <UnitTest name="PostGresAPI.UnitTests.Services.RoomServiceTests.CreateMeetingroom_ValidData_ReturnsCreatedRoom" storage="c:\postgresapi_project\postgresapi_project\postgresapi.unittests\bin\debug\net8.0\postgresapi.unittests.dll" id="11555f12-6382-1cf5-68ac-f8390ac45215">
[...]
    <TestEntry testId="7fece5cd-2d9c-de82-6565-80835649aeae" executionId="bb09ec4f-4b15-4225-b38a-b2b01a464c50" testListId="8c84fa94-04c1-424b-9868-57a2d4851a1d" />
    <TestEntry testId="eb20ebca-4287-43a1-2870-7165a2417d23" executionId="4f01d837-c9a7-4563-85e6-ca7f5d9b449b" testListId="8c84fa94-04c1-424b-9868-57a2d4851a1d" />
    <TestEntry testId="f7d4026e-94d4-c4cd-0277-1f8abb718943" executionId="aafea8e4-0e7d-4ddb-a229-5088382d0c5f" testListId="8c84fa94-04c1-424b-9868-57a2d4851a1d" />
    <TestEntry testId="337b1243-48c7-e0eb-9e3f-d90b78676f4b" executionId="1ec6da5c-a2a3-49ed-921f-b62cc7d0357c" testListId="8c84fa94-04c1-424b-9868-57a2d4851a1d" />
    <TestEntry testId="c779d9f0-32ae-65c4-2d8d-cb3a70129551" executionId="037a7ef3-d052-4135-9cf2-1f200978536c" testListId="8c84fa94-04c1-424b-9868-57a2d4851a1d" />
    <TestEntry testId="70e8ce1a-9d49-eb47-e382-ee83bf7602ef" executionId="0941ab74-da02-4b23-bccd-b7bb2af1ec07" testListId="8c84fa94-04c1-424b-9868-57a2d4851a1d" />
    <TestEntry testId="a6f83813-1ab9-e891-9beb-0f7cfea47c07" executionId="97c7f9a4-423e-4dad-98ac-9eaa9d2169a0" testListId="8c84fa94-04c1-424b-9868-57a2d4851a1d" />
    <TestEntry testId="e7ba1b70-e68a-3bc2-dfb0-ac068fc98026" executionId="85f4a3a9-d951-4d46-ba03-6e50b2aa6e17" testListId="8c84fa94-04c1-424b-9868-57a2d4851a1d" />
    <TestEntry testId="242a1e49-c7f3-53d7-feed-0639d685fb0a" executionId="dbdd667a-7967-4c0b-ae44-0264e617c4ff" testListId="8c84fa94-04c1-424b-9868-57a2d4851a1d" />
    <TestEntry testId="66a83c11-32c1-3396-f147-f7165f80adc7" executionId="32b86ee4-c063-441a-8216-850d128bc487" testListId="8c84fa94-04c1-424b-9868-57a2d4851a1d" />
    <TestEntry testId="c750b36a-d377-f9b6-f82c-bbf26039b1be" executionId="37df906f-04db-4e62-b60a-0456f76b5dbc" testListId="8c84fa94-04c1-424b-9868-57a2d4851a1d" />
    <TestEntry testId="9b7a35ae-e004-e367-d329-1fe02e09100a" executionId="1de12042-6d29-4a0e-8628-8c66812966eb" testListId="8c84fa94-04c1-424b-9868-57a2d4851a1d" />
    <TestEntry testId="7de7ceb1-e35c-43e2-3b16-e815b8738f41" executionId="474f9687-518e-45d9-975a-ac57b39ee60e" testListId="8c84fa94-04c1-424b-9868-57a2d4851a1d" />
    <TestEntry testId="b1f730d7-61b2-2866-843d-5d425b1f0304" executionId="288fac87-55dd-4a14-8e19-4d308741f0b3" testListId="8c84fa94-04c1-424b-9868-57a2d4851a1d" />
    <TestEntry testId="7a999f07-8848-e00f-54f2-7ba925073e56" executionId="920d4570-2ebc-404a-bc7a-0fc5e7f65485" testListId="8c84fa94-04c1-424b-9868-57a2d4851a1d" />
    <TestEntry testId="3a543a37-9a14-3ef0-bca0-275e26e68dab" executionId="e60e8d9e-b576-47d6-8c71-a27c3309879a" testListId="8c84fa94-04c1-424b-9868-57a2d4851a1d" />
    <TestEntry testId="08c7b923-27c1-6426-6a35-c4b103a9e1a8" executionId="c6557663-de03-4fe4-af46-0cc87a434d5a" testListId="8c84fa94-04c1-424b-9868-57a2d4851a1d" />
    <TestEntry testId="80c4eae0-d78d-9d00-2f9c-4e27aba38ed8" executionId="6ab1939c-2445-463f-9eed-8b82a3c8691f" testListId="8c84fa94-04c1-424b-9868-57a2d4851a1d" />
    <TestEntry testId="9eb5e2a7-b2ca-e4dd-ed7d-87eb9b5ea0fa" executionId="5f648b02-8994-4593-b36a-2533b54126c9" testListId="8c84fa94-04c1-424b-9868-57a2d4851a1d" />
    <TestEntry testId="99372099-44b7-faf6-c261-b84463f13f27" executionId="50a4d0a2-675f-416d-b42f-cd0b6d2c6c04" testListId="8c84fa94-04c1-424b-9868-57a2d4851a1d" />
    <TestEntry testId="576cd266-b213-5146-e273-755db5f2712f" executionId="b6555920-14a2-459b-b06d-9cf310b45daf" testListId="8c84fa94-04c1-424b-9868-57a2d4851a1d" />
    <TestEntry testId="ed485326-273a-2cac-9fa2-189f6a2a80f4" executionId="69209b64-1ed1-48ae-a4f8-0f56c91c8925" testListId="8c84fa94-04c1-424b-9868-57a2d4851a1d" />
    <TestEntry testId="a9200dd6-0fd1-49d8-9f5f-bafdc82dfa24" executionId="bc59a138-b04d-418f-9724-0dd638bee61c" testListId="8c84fa94-04c1-424b-9868-57a2d4851a1d" />
    <TestEntry testId="4292c22e-c86a-67ab-35ce-432e87de3f9a" executionId="2c522cd9-dd57-46bf-9a1c-7e7eb9a598fe" testListId="8c84fa94-04c1-424b-9868-57a2d4851a1d" />
    <TestEntry testId="abfa5898-5782-016c-0e35-2cb48514512e" executionId="23a7d862-e59b-4edf-abf6-be6bb2e62bfd" testListId="8c84fa94-04c1-424b-9868-57a2d4851a1d" />
    <TestEntry testId="703cddda-63e9-1cad-ed42-46311393db51" executionId="928ae2e0-efb0-41fd-9698-899c6e9eeef8" testListId="8c84fa94-04c1-424b-9868-57a2d4851a1d" />
    <TestEntry testId="a3be5d6a-6922-afba-1d7b-d1762655e136" executionId="9ba163b5-b2ca-4b74-b07b-875b279847fd" testListId="8c84fa94-04c1-424b-9868-57a2d4851a1d" />
    <TestEntry testId="2bee7e11-3c16-f275-6adc-c5e2d84c5ee4" executionId="26d88332-b719-4cc2-b030-ce1b23f30a17" testListId="8c84fa94-04c1-424b-9868-57a2d4851a1d" />
    <TestEntry testId="d71061dc-9d3a-9c4c-7543-efe833912dbe" executionId="7b828ba7-8e5b-4dbe-b577-1744a4a518f5" testListId="8c84fa94-04c1-424b-9868-57a2d4851a1d" />
    <TestEntry testId="10db802f-4f20-5521-aa9b-f4d42da7faf7" executionId="c8180895-9515-4d11-92d3-150522871914" testListId="8c84fa94-04c1-424b-9868-57a2d4851a1d" />
    <TestEntry testId="19512e57-2cd9-648a-4551-bc96afde9105" executionId="0a270f87-47e6-4fd5-80d8-490ceb51515e" testListId="8c84fa94-04c1-424b-9868-57a2d4851a1d" />
    <TestEntry testId="f3cbe82b-8652-ee2e-605c-047935e7c778" executionId="1cde336c-a791-498b-8df4-9f55220971d2" testListId="8c84fa94-04c1-424b-9868-57a2d4851a1d" />
    <TestEntry testId="ca48c5e2-da7b-8be5-67ce-e036df8457b0" executionId="423fd7a5-51f7-478a-915c-de3116cf2ef7" testListId="8c84fa94-04c1-424b-9868-57a2d4851a1d" />
    <TestEntry testId="383ff866-c0db-c854-024e-42a27b70d824" executionId="c9669dbb-3f94-4c91-9bd6-c1fd086be7d9" testListId="8c84fa94-04c1-424b-9868-57a2d4851a1d" />
    <TestEntry testId="d79ffeaf-d9eb-0938-c79b-6092fe05649a" executionId="0b5ff7eb-2747-4783-a8a5-2a557b5085c6" testListId="8c84fa94-04c1-424b-9868-57a2d4851a1d" />
    <TestEntry testId="ba266ad5-a9e3-4fc6-a3d8-3fc8a4df5e69" executionId="9752495d-1f56-47b2-97b5-cea9bf14d7cd" testListId="8c84fa94-04c1-424b-9868-57a2d4851a1d" />
    <TestEntry testId="22c2001a-4242-b367-aaf9-39ee75762759" executionId="fb6bb8fa-d10f-4aa8-97a1-5e652cbd2bd3" testListId="8c84fa94-04c1-424b-9868-57a2d4851a1d" />
    <TestEntry testId="48537a7b-b261-53b6-aa6c-8089142073dc" executionId="9b3dfbb6-631d-47d3-a116-31c1c8b40025" testListId="8c84fa94-04c1-424b-9868-57a2d4851a1d" />
    <TestEntry testId="14ae8ece-246d-9eb1-a490-d52ff4783b1d" executionId="00005236-3750-4ba3-bcc0-957016799cfb" testListId="8c84fa94-04c1-424b-9868-57a2d4851a1d" />
    <TestEntry testId="39a375e6-a602-4076-c432-045b25993b82" executionId="bff7a117-7b43-4c04-8ca8-07140ccbc66c" testListId="8c84fa94-04c1-424b-9868-57a2d4851a1d" />
    <TestEntry testId="515f4f54-e889-a52a-bd33-f2a662491757" executionId="3dbfb7d4-27b4-4a67-828a-54b017c210d7" testListId="8c84fa94-04c1-424b-9868-57a2d4851a1d" />
    <TestEntry testId="56c6037b-d838-64d7-2e4f-f735c537a377" executionId="26bf704c-eb15-4acf-8b9d-fd82cce28c9c" testListId="8c84fa94-04c1-424b-9868-57a2d4851a1d" />
    <TestEntry testId="fe3de4db-7501-df2c-c37e-22e0d5a2482c" executionId="921dbc26-fc22-4657-8eb9-a8f7eb3262c9" testListId="8c84fa94-04c1-424b-9868-57a2d4851a1d" />
    <TestEntry testId="04f2934c-0357-81de-243f-a499611e4b7e" executionId="3891f04c-746d-4891-9f7d-a4b75e523fe4" testListId="8c84fa94-04c1-424b-9868-57a2d4851a1d" />
    <TestEntry testId="53470f37-1080-9bac-45de-7fec363f997d" executionId="642ff231-b94a-4c17-8f06-d5c1d0561ee1" testListId="8c84fa94-04c1-424b-9868-57a2d4851a1d" />
    <TestEntry testId="b3d1a69f-313c-220f-cf22-db9304add05a" executionId="c1c0c579-404b-4dc7-a444-d9a2fe97a546" testListId="8c84fa94-04c1-424b-9868-57a2d4851a1d" />
    <TestEntry testId="3f868141-bf47-8c4b-302c-c6d13061fcc6" executionId="8535088b-5765-408d-bddc-3ead1cee157e" testListId="8c84fa94-04c1-424b-9868-57a2d4851a1d" />
    <TestEntry testId="5f27e95c-fd3d-9b4b-c5be-68af7c4a49d0" executionId="ae3be45b-30cd-4452-a1c0-eb41570b87c6" testListId="8c84fa94-04c1-424b-9868-57a2d4851a1d" />
    <TestEntry testId="f2b133c0-7f7f-be4b-52b2-5ce6ba0cb700" executionId="05fdbe31-d707-42fe-8903-cfec8a210e39" testListId="8c84fa94-04c1-424b-9868-57a2d4851a1d" />
    <TestEntry testId="79cf7d23-268d-3071-9920-3e4a6f27d00f" executionId="ca4ef6fc-0e63-4c17-8a5b-1af69b25e903" testListId="8c84fa94-04c1-424b-9868-57a2d4851a1d" />
    <TestEntry testId="9a061459-ae4e-2890-12fb-2e516a3b9cc7" executionId="45d3a416-a809-4175-bc83-c0167267dfbf" testListId="8c84fa94-04c1-424b-9868-57a2d4851a1d" />
    <TestEntry testId="31c5b639-03ea-77e2-2fc4-b070366303d9" executionId="9334b55e-b7f5-4d84-83c8-3d82cb6d9b66" testListId="8c84fa94-04c1-424b-9868-57a2d4851a1d" />
    <TestEntry testId="e2febfa0-0fcd-b00b-7857-694e81ab99b2" executionId="ad1225e2-1cfc-4026-99c2-31a3665bdea1" testListId="8c84fa94-04c1-424b-9868-57a2d4851a1d" />
    <TestEntry testId="1f421168-6dc2-5f90-8b15-0fc358d5e27f" executionId="030ac718-88a6-4a87-b3be-1177d5b5c224" testListId="8c84fa94-04c1-424b-9868-57a2d4851a1d" />
    <TestEntry testId="6d11cba4-af3e-bfec-667b-e890c0564905" executionId="89c6523e-30b0-4ab3-ba17-d1faaee9ddce" testListId="8c84fa94-04c1-424b-9868-57a2d4851a1d" />
    <TestEntry testId="c3b84156-52e0-789b-8397-cdba6655695d" executionId="2f765dac-664f-4f00-bc37-64662c51fc31" testListId="8c84fa94-04c1-424b-9868-57a2d4851a1d" />
    <TestEntry testId="296486c9-ddaf-7020-2bf7-df89b314e9fd" executionId="dc6cb2cb-5081-4c82-b85c-95c76bb039dc" testListId="8c84fa94-04c1-424b-9868-57a2d4851a1d" />
    <TestEntry testId="ec6bcd0a-c063-179e-361b-ba8a250cc015" executionId="ef903e6d-ba7a-431d-bf3f-922dbea14b5f" testListId="8c84fa94-04c1-424b-9868-57a2d4851a1d" />
    <TestEntry testId="b9df3e5f-d281-7acd-386c-43b9db88a8c6" executionId="fbc0b901-6c34-43c9-9b63-1700e1c42341" testListId="8c84fa94-04c1-424b-9868-57a2d4851a1d" />
    <TestEntry testId="4a413286-efc4-be41-f67e-3fb9dc2de7f2" executionId="0b855cb1-0b3f-4ac0-8241-9875fe89d858" testListId="8c84fa94-04c1-424b-9868-57a2d4851a1d" />
    <TestEntry testId="b051dcf0-2b50-dd25-fe02-a23bd8ff5138" executionId="5a1cff6b-684b-4d61-b428-965cd3a123f0" testListId="8c84fa94-04c1-424b-9868-57a2d4851a1d" />
    <TestEntry testId="9fa9ab2d-9c02-0b2f-78fc-997f701b171a" executionId="df635d56-8d12-4e98-ad8c-0b90d980b8fa" testListId="8c84fa94-04c1-424b-9868-57a2d4851a1d" />
    <TestEntry testId="9e9c8903-906b-56ab-f887-84465dd4edcc" executionId="53af18af-b9dd-4eaa-9632-97fbc9d3c278" testListId="8c84fa94-04c1-424b-9868-57a2d4851a1d" />
    <TestEntry testId="28eaa662-1843-19e6-66e5-fab136b6756e" executionId="490eae8b-7c4a-4a34-b49d-ea20ce695a78" testListId="8c84fa94-04c1-424b-9868-57a2d4851a1d" />
    <TestEntry testId="0ced6614-d312-1a49-7eda-3c8b976af353" executionId="dc047885-73a7-4ab1-9567-c770738e496f" testListId="8c84fa94-04c1-424b-9868-57a2d4851a1d" />
    <TestEntry testId="33b0387f-7991-5330-c0aa-9c0899b2d861" executionId="c7f57975-c623-4fac-b12a-e23597253373" testListId="8c84fa94-04c1-424b-9868-57a2d4851a1d" />
    <TestEntry testId="3a18dae7-f2c5-6231-4e54-9f1c23fc582f" executionId="e9f3ebf4-7d8d-46d4-a2bb-b485f2ebeb24" testListId="8c84fa94-04c1-424b-9868-57a2d4851a1d" />
    <TestEntry testId="11555f12-6382-1cf5-68ac-f8390ac45215" executionId="95767985-d17a-457e-9330-fd86e4527c30" testListId="8c84fa94-04c1-424b-9868-57a2d4851a1d" />
    <TestEntry testId="6af4764a-aa07-74b8-4433-6dbfca73037b" executionId="cb5d0c5a-9318-4eea-b78b-94a40aac1985" testListId="8c84fa94-04c1-424b-9868-57a2d4851a1d" />
  </TestEntries>
  <TestLists>
    <TestList name="Results Not in a List" id="8c84fa94-04c1-424b-9868-57a2d4851a1d" />
    <TestList name="All Loaded Results" id="19431567-8539-422a-85d7-44ee4e166bda" />
  </TestLists>
  <ResultSummary outcome="Failed">
    <Counters total="88" executed="88" passed="86" failed="2" error="0" timeout="0" aborted="0" inconclusive="0" passedButRunAborted="0" notRunnable="0" notExecuted="0" disconnected="0" warning="0" completed="0" inProgress="0" pending="0" />
    <Output>
      <StdOut>[xUnit.net 00:00:00.00] xUnit.net VSTest Adapter v3.1.4+50e68bbb8b (64-bit .NET 8.0.22)&#xD;
[xUnit.net 00:00:00.09]   Discovering: PostGresAPI.UnitTests&#xD;
[xUnit.net 00:00:00.14]   Discovered:  PostGresAPI.UnitTests&#xD;
[xUnit.net 00:00:00.15]   Starting:    PostGresAPI.UnitTests&#xD;
[xUnit.net 00:00:00.72]       System.Exception : Fehler beim Löschen von Room mit ID 7&#xD;
[xUnit.net 00:00:00.72]       ---- System.InvalidOperationException : The instance of entity type 'Bedroom' cannot be tracked because another instance with the same key value for {'Id'} is already being tracked. When attaching existing entities, ensure that only one entity instance with a given key value is attached. Consider using 'DbContextOptionsBuilder.EnableSensitiveDataLogging' to see the conflicting key values.&#xD;
[xUnit.net 00:00:00.72]       Stack Trace:&#xD;
[xUnit.net 00:00:00.72]         C:\PostGresAPI_Project\PostGresAPI_Project\PostGresAPI\Repository\RoomRepository.cs(128,0): at PostGresAPI.Repository.RoomRepository.Delete(Int32 id)&#xD;
[xUnit.net 00:00:00.72]         C:\PostGresAPI_Project\PostGresAPI_Project\PostGresAPI.UnitTests\Repository\RoomRepositoryIntegrationTests.cs(200,0): at PostGresAPI.UnitTests.Repository.RoomRepositoryIntegrationTests.Delete_RemovesRoom()&#xD;
[xUnit.net 00:00:00.72]         --- End of stack trace from previous location ---&#xD;
[xUnit.net 00:00:00.72]         ----- Inner Stack Trace -----&#xD;
[xUnit.net 00:00:00.72]            at Microsoft.EntityFrameworkCore.ChangeTracking.Internal.IdentityMap`1.ThrowIdentityConflict(InternalEntityEntry entry)&#xD;
[xUnit.net 00:00:00.72]            at Microsoft.EntityFrameworkCore.ChangeTracking.Internal.IdentityMap`1.Add(TKey key, InternalEntityEntry entry, Boolean updateDuplicate)&#xD;
[xUnit.net 00:00:00.72]            at Microsoft.EntityFrameworkCore.ChangeTracking.Internal.IdentityMap`1.Add(TKey key, InternalEntityEntry entry)&#xD;
[xUnit.net 00:00:00.72]            at Microsoft.EntityFrameworkCore.ChangeTracking.Internal.IdentityMap`1.Add(InternalEntityEntry entry)&#xD;
[xUnit.net 00:00:00.72]            at Microsoft.EntityFrameworkCore.ChangeTracking.Internal.StateManager.StartTracking(InternalEntityEntry entry)&#xD;
[xUnit.net 00:00:00.72]            at Microsoft.EntityFrameworkCore.ChangeTracking.Internal.InternalEntityEntry.SetEntityState(EntityState oldState, EntityState newState, Boolean acceptChanges, Boolean modifyProperties)&#xD;
[xUnit.net 00:00:00.72]            at Microsoft.EntityFrameworkCore.ChangeTracking.Internal.InternalEntityEntry.SetEntityState(EntityState entityState, Boolean acceptChanges, Boolean modifyProperties, Nullable`1 forceStateWhenUnknownKey, Nullable`1 fallbackState)&#xD;
[xUnit.net 00:00:00.72]            at Microsoft.EntityFrameworkCore.ChangeTracking.Internal.EntityGraphAttacher.PaintAction(EntityEntryGraphNode`1 node)&#xD;
[xUnit.net 00:00:00.72]            at Microsoft.EntityFrameworkCore.ChangeTracking.Internal.EntityEntryGraphIterator.TraverseGraph[TState](EntityEntryGraphNode`1 node, Func`2 handleNode)&#xD;
[xUnit.net 00:00:00.72]            at Microsoft.EntityFrameworkCore.ChangeTracking.Internal.EntityGraphAttacher.AttachGraph(InternalEntityEntry rootEntry, EntityState targetState, EntityState storeGeneratedWithKeySetTargetState, Boolean forceStateWhenUnknownKey)&#xD;
[xUnit.net 00:00:00.72]            at Microsoft.EntityFrameworkCore.Internal.InternalDbSet`1.SetEntityState(InternalEntityEntry entry, EntityState entityState)&#xD;
[xUnit.net 00:00:00.72]            at Microsoft.EntityFrameworkCore.Internal.InternalDbSet`1.Remove(TEntity entity)&#xD;
[xUnit.net 00:00:00.72]         C:\PostGresAPI_Project\PostGresAPI_Project\PostGresAPI\Repository\RoomRepository.cs(122,0): at PostGresAPI.Repository.RoomRepository.Delete(Int32 id)&#xD;
[xUnit.net 00:00:00.73]       System.Exception : Fehler beim Aktualisieren von Room mit ID 34&#xD;
[xUnit.net 00:00:00.73]       ---- System.InvalidOperationException : The instance of entity type 'Bedroom' cannot be tracked because another instance with the same key value for {'Id'} is already being tracked. When attaching existing entities, ensure that only one entity instance with a given key value is attached. Consider using 'DbContextOptionsBuilder.EnableSensitiveDataLogging' to see the conflicting key values.&#xD;
[xUnit.net 00:00:00.73]       Stack Trace:&#xD;
[xUnit.net 00:00:00.73]         C:\PostGresAPI_Project\PostGresAPI_Project\PostGresAPI\Repository\RoomRepository.cs(109,0): at PostGresAPI.Repository.RoomRepository.UpdateName(Int32 id, String name)&#xD;
[xUnit.net 00:00:00.73]         C:\PostGresAPI_Project\PostGresAPI_Project\PostGresAPI.UnitTests\Repository\RoomRepositoryIntegrationTests.cs(143,0): at PostGresAPI.UnitTests.Repository.RoomRepositoryIntegrationTests.UpdateName_UpdatesRoomName()&#xD;
[xUnit.net 00:00:00.73]         --- End of stack trace from previous location ---&#xD;
[xUnit.net 00:00:00.73]         ----- Inner Stack Trace -----&#xD;
[xUnit.net 00:00:00.73]            at Microsoft.EntityFrameworkCore.ChangeTracking.Internal.IdentityMap`1.ThrowIdentityConflict(InternalEntityEntry entry)&#xD;
[xUnit.net 00:00:00.73]            at Microsoft.EntityFrameworkCore.ChangeTracking.Internal.IdentityMap`1.Add(TKey key, InternalEntityEntry entry, Boolean updateDuplicate)&#xD;
[xUnit.net 00:00:00.73]            at Microsoft.EntityFrameworkCore.ChangeTracking.Internal.IdentityMap`1.Add(TKey key, InternalEntityEntry entry)&#xD;
[xUnit.net 00:00:00.73]            at Microsoft.EntityFrameworkCore.ChangeTracking.Internal.IdentityMap`1.Add(InternalEntityEntry entry)&#xD;
[xUnit.net 00:00:00.73]            at Microsoft.EntityFrameworkCore.ChangeTracking.Internal.StateManager.StartTracking(InternalEntityEntry entry)&#xD;
[xUnit.net 00:00:00.73]            at Microsoft.EntityFrameworkCore.ChangeTracking.Internal.InternalEntityEntry.SetEntityState(EntityState oldState, EntityState newState, Boolean acceptChanges, Boolean modifyProperties)&#xD;
[xUnit.net 00:00:00.73]            at Microsoft.EntityFrameworkCore.ChangeTracking.Internal.InternalEntityEntry.SetEntityState(EntityState entityState, Boolean acceptChanges, Boolean modifyProperties, Nullable`1 forceStateWhenUnknownKey, Nullable`1 fallbackState)&#xD;
[xUnit.net 00:00:00.73]            at Microsoft.EntityFrameworkCore.ChangeTracking.Internal.EntityGraphAttacher.PaintAction(EntityEntryGraphNode`1 node)&#xD;
[xUnit.net 00:00:00.73]            at Microsoft.EntityFrameworkCore.ChangeTracking.Internal.EntityEntryGraphIterator.TraverseGraph[TState](EntityEntryGraphNode`1 node, Func`2 handleNode)&#xD;
[xUnit.net 00:00:00.73]            at Microsoft.EntityFrameworkCore.ChangeTracking.Internal.EntityGraphAttacher.AttachGraph(InternalEntityEntry rootEntry, EntityState targetState, EntityState storeGeneratedWithKeySetTargetState, Boolean forceStateWhenUnknownKey)&#xD;
[xUnit.net 00:00:00.73]            at Microsoft.EntityFrameworkCore.Internal.InternalDbSet`1.SetEntityState(InternalEntityEntry entry, EntityState entityState)&#xD;
[xUnit.net 00:00:00.73]            at Microsoft.EntityFrameworkCore.Internal.InternalDbSet`1.Update(TEntity entity)&#xD;
[xUnit.net 00:00:00.73]         C:\PostGresAPI_Project\PostGresAPI_Project\PostGresAPI\Repository\RoomRepository.cs(103,0): at PostGresAPI.Repository.RoomRepository.UpdateName(Int32 id, String name)&#xD;
[xUnit.net 00:00:00.75]   Finished:    PostGresAPI.UnitTests&#xD;
</StdOut>
    </Output>
    <RunInfos>
      <RunInfo computerName="LAPTOP-G97K9LKJ" outcome="Error" timestamp="2025-12-16T12:11:11.3098885+01:00">
        <Text>[xUnit.net 00:00:00.72]     PostGresAPI.UnitTests.Repository.RoomRepositoryIntegrationTests.Delete_RemovesRoom [FAIL]</Text>
      </RunInfo>
      <RunInfo computerName="LAPTOP-G97K9LKJ" outcome="Error" timestamp="2025-12-16T12:11:11.3324765+01:00">
        <Text>[xUnit.net 00:00:00.73]     PostGresAPI.UnitTests.Repository.RoomRepositoryIntegrationTests.UpdateName_UpdatesRoomName [FAIL]</Text>
      </RunInfo>
    </RunInfos>
  </ResultSummary>
</TestRun>